{
  "/Users/amadeus/.openclaw/workspace/projects/swift-template-gallery-main/src/App.tsx": {
    "path": "/Users/amadeus/.openclaw/workspace/projects/swift-template-gallery-main/src/App.tsx",
    "statementMap": {
      "0": {
        "start": { "line": 1, "column": 0 },
        "end": { "line": 1, "column": 50 }
      },
      "1": {
        "start": { "line": 2, "column": 0 },
        "end": { "line": 2, "column": 59 }
      },
      "2": {
        "start": { "line": 3, "column": 0 },
        "end": { "line": 3, "column": 58 }
      },
      "3": {
        "start": { "line": 4, "column": 0 },
        "end": { "line": 4, "column": 73 }
      },
      "4": {
        "start": { "line": 5, "column": 0 },
        "end": { "line": 5, "column": 64 }
      },
      "5": {
        "start": { "line": 6, "column": 0 },
        "end": { "line": 6, "column": 34 }
      },
      "6": {
        "start": { "line": 7, "column": 0 },
        "end": { "line": 7, "column": 40 }
      },
      "7": {
        "start": { "line": 8, "column": 0 },
        "end": { "line": 8, "column": 52 }
      },
      "8": {
        "start": { "line": 9, "column": 0 },
        "end": { "line": 9, "column": 59 }
      },
      "9": {
        "start": { "line": 11, "column": 20 },
        "end": { "line": 11, "column": 37 }
      },
      "10": {
        "start": { "line": 13, "column": 12 },
        "end": { "line": 33, "column": null }
      },
      "11": {
        "start": { "line": 14, "column": 2 },
        "end": { "line": 32, "column": null }
      },
      "12": {
        "start": { "line": 36, "column": 0 },
        "end": { "line": 36, "column": 19 }
      }
    },
    "fnMap": {
      "0": {
        "name": "(anonymous_1)",
        "decl": {
          "start": { "line": 13, "column": 12 },
          "end": { "line": 13, "column": 15 }
        },
        "loc": {
          "start": { "line": 14, "column": 2 },
          "end": { "line": 32, "column": null }
        }
      }
    },
    "branchMap": {},
    "s": {
      "0": 0,
      "1": 0,
      "2": 0,
      "3": 0,
      "4": 0,
      "5": 0,
      "6": 0,
      "7": 0,
      "8": 0,
      "9": 0,
      "10": 0,
      "11": 0,
      "12": 0
    },
    "f": { "0": 0 },
    "b": {}
  },
  "/Users/amadeus/.openclaw/workspace/projects/swift-template-gallery-main/src/components/Contact.tsx": {
    "path": "/Users/amadeus/.openclaw/workspace/projects/swift-template-gallery-main/src/components/Contact.tsx",
    "statementMap": {
      "0": {
        "start": { "line": 1, "column": 0 },
        "end": { "line": 1, "column": 44 }
      },
      "1": {
        "start": { "line": 2, "column": 0 },
        "end": { "line": 2, "column": 48 }
      },
      "2": {
        "start": { "line": 3, "column": 0 },
        "end": { "line": 3, "column": 46 }
      },
      "3": {
        "start": { "line": 4, "column": 0 },
        "end": { "line": 4, "column": 52 }
      },
      "4": {
        "start": { "line": 5, "column": 0 },
        "end": { "line": 5, "column": 46 }
      },
      "5": {
        "start": { "line": 6, "column": 0 },
        "end": { "line": 6, "column": 31 }
      },
      "6": {
        "start": { "line": 7, "column": 0 },
        "end": { "line": 7, "column": 58 }
      },
      "7": {
        "start": { "line": 9, "column": 16 },
        "end": { "line": 159, "column": 1 }
      },
      "8": {
        "start": { "line": 10, "column": 34 },
        "end": { "line": 16, "column": 4 }
      },
      "9": {
        "start": { "line": 19, "column": 2 },
        "end": { "line": 32, "column": 9 }
      },
      "10": {
        "start": { "line": 20, "column": 20 },
        "end": { "line": 28, "column": 5 }
      },
      "11": {
        "start": { "line": 21, "column": 26 },
        "end": { "line": 21, "column": 54 }
      },
      "12": {
        "start": { "line": 22, "column": 25 },
        "end": { "line": 22, "column": 43 }
      },
      "13": {
        "start": { "line": 24, "column": 6 },
        "end": { "line": 27, "column": 10 }
      },
      "14": {
        "start": { "line": 24, "column": 29 },
        "end": { "line": 27, "column": 8 }
      },
      "15": {
        "start": { "line": 30, "column": 4 },
        "end": { "line": 30, "column": 58 }
      },
      "16": {
        "start": { "line": 31, "column": 4 },
        "end": { "line": 31, "column": 74 }
      },
      "17": {
        "start": { "line": 31, "column": 17 },
        "end": { "line": 31, "column": 73 }
      },
      "18": {
        "start": { "line": 35, "column": 23 },
        "end": { "line": 51, "column": 3 }
      },
      "19": {
        "start": { "line": 36, "column": 4 },
        "end": { "line": 36, "column": 23 }
      },
      "20": {
        "start": { "line": 38, "column": 4 },
        "end": { "line": 41, "column": 5 }
      },
      "21": {
        "start": { "line": 39, "column": 6 },
        "end": { "line": 39, "column": 52 }
      },
      "22": {
        "start": { "line": 40, "column": 6 },
        "end": { "line": 40, "column": 13 }
      },
      "23": {
        "start": { "line": 43, "column": 4 },
        "end": { "line": 43, "column": 48 }
      },
      "24": {
        "start": { "line": 44, "column": 4 },
        "end": { "line": 50, "column": 7 }
      },
      "25": {
        "start": { "line": 53, "column": 2 },
        "end": { "line": 158, "column": 4 }
      },
      "26": {
        "start": { "line": 71, "column": 35 },
        "end": { "line": 71, "column": 85 }
      },
      "27": {
        "start": { "line": 83, "column": 35 },
        "end": { "line": 83, "column": 86 }
      },
      "28": {
        "start": { "line": 95, "column": 35 },
        "end": { "line": 95, "column": 86 }
      },
      "29": {
        "start": { "line": 105, "column": 35 },
        "end": { "line": 105, "column": 91 }
      },
      "30": {
        "start": { "line": 116, "column": 35 },
        "end": { "line": 116, "column": 88 }
      },
      "31": {
        "start": { "line": 161, "column": 0 },
        "end": { "line": 161, "column": 23 }
      }
    },
    "fnMap": {
      "0": {
        "name": "(anonymous_0)",
        "decl": {
          "start": { "line": 9, "column": 16 },
          "end": { "line": 9, "column": 19 }
        },
        "loc": {
          "start": { "line": 9, "column": 21 },
          "end": { "line": 159, "column": 1 }
        }
      },
      "1": {
        "name": "(anonymous_1)",
        "decl": {
          "start": { "line": 19, "column": 12 },
          "end": { "line": 19, "column": 15 }
        },
        "loc": {
          "start": { "line": 19, "column": 17 },
          "end": { "line": 32, "column": 3 }
        }
      },
      "2": {
        "name": "(anonymous_2)",
        "decl": {
          "start": { "line": 20, "column": 20 },
          "end": { "line": 20, "column": 21 }
        },
        "loc": {
          "start": { "line": 20, "column": 37 },
          "end": { "line": 28, "column": 5 }
        }
      },
      "3": {
        "name": "(anonymous_3)",
        "decl": {
          "start": { "line": 24, "column": 18 },
          "end": { "line": 24, "column": 19 }
        },
        "loc": {
          "start": { "line": 24, "column": 29 },
          "end": { "line": 27, "column": 8 }
        }
      },
      "4": {
        "name": "(anonymous_4)",
        "decl": {
          "start": { "line": 31, "column": 11 },
          "end": { "line": 31, "column": 14 }
        },
        "loc": {
          "start": { "line": 31, "column": 17 },
          "end": { "line": 31, "column": 73 }
        }
      },
      "5": {
        "name": "(anonymous_5)",
        "decl": {
          "start": { "line": 35, "column": 23 },
          "end": { "line": 35, "column": 24 }
        },
        "loc": {
          "start": { "line": 35, "column": 46 },
          "end": { "line": 51, "column": 3 }
        }
      },
      "6": {
        "name": "(anonymous_6)",
        "decl": {
          "start": { "line": 71, "column": 28 },
          "end": { "line": 71, "column": 29 }
        },
        "loc": {
          "start": { "line": 71, "column": 35 },
          "end": { "line": 71, "column": 85 }
        }
      },
      "7": {
        "name": "(anonymous_7)",
        "decl": {
          "start": { "line": 83, "column": 28 },
          "end": { "line": 83, "column": 29 }
        },
        "loc": {
          "start": { "line": 83, "column": 35 },
          "end": { "line": 83, "column": 86 }
        }
      },
      "8": {
        "name": "(anonymous_8)",
        "decl": {
          "start": { "line": 95, "column": 28 },
          "end": { "line": 95, "column": 29 }
        },
        "loc": {
          "start": { "line": 95, "column": 35 },
          "end": { "line": 95, "column": 86 }
        }
      },
      "9": {
        "name": "(anonymous_9)",
        "decl": {
          "start": { "line": 105, "column": 28 },
          "end": { "line": 105, "column": 29 }
        },
        "loc": {
          "start": { "line": 105, "column": 35 },
          "end": { "line": 105, "column": 91 }
        }
      },
      "10": {
        "name": "(anonymous_10)",
        "decl": {
          "start": { "line": 116, "column": 28 },
          "end": { "line": 116, "column": 29 }
        },
        "loc": {
          "start": { "line": 116, "column": 35 },
          "end": { "line": 116, "column": 88 }
        }
      }
    },
    "branchMap": {
      "0": {
        "loc": {
          "start": { "line": 38, "column": 4 },
          "end": { "line": 41, "column": 5 }
        },
        "type": "if",
        "locations": [
          {
            "start": { "line": 38, "column": 4 },
            "end": { "line": 41, "column": 5 }
          },
          { "start": {}, "end": {} }
        ]
      },
      "1": {
        "loc": {
          "start": { "line": 38, "column": 8 },
          "end": { "line": 38, "column": 41 }
        },
        "type": "binary-expr",
        "locations": [
          {
            "start": { "line": 38, "column": 8 },
            "end": { "line": 38, "column": 22 }
          },
          {
            "start": { "line": 38, "column": 26 },
            "end": { "line": 38, "column": 41 }
          }
        ]
      }
    },
    "s": {
      "0": 2,
      "1": 2,
      "2": 2,
      "3": 2,
      "4": 2,
      "5": 2,
      "6": 2,
      "7": 2,
      "8": 13,
      "9": 13,
      "10": 13,
      "11": 0,
      "12": 0,
      "13": 0,
      "14": 0,
      "15": 13,
      "16": 13,
      "17": 13,
      "18": 13,
      "19": 0,
      "20": 0,
      "21": 0,
      "22": 0,
      "23": 0,
      "24": 0,
      "25": 13,
      "26": 0,
      "27": 0,
      "28": 0,
      "29": 0,
      "30": 0,
      "31": 2
    },
    "f": {
      "0": 13,
      "1": 13,
      "2": 0,
      "3": 0,
      "4": 13,
      "5": 0,
      "6": 0,
      "7": 0,
      "8": 0,
      "9": 0,
      "10": 0
    },
    "b": { "0": [0, 0], "1": [0, 0] }
  },
  "/Users/amadeus/.openclaw/workspace/projects/swift-template-gallery-main/src/components/Footer.tsx": {
    "path": "/Users/amadeus/.openclaw/workspace/projects/swift-template-gallery-main/src/components/Footer.tsx",
    "statementMap": {
      "0": {
        "start": { "line": 1, "column": 15 },
        "end": { "line": 21, "column": 1 }
      },
      "1": {
        "start": { "line": 2, "column": 2 },
        "end": { "line": 20, "column": 4 }
      },
      "2": {
        "start": { "line": 23, "column": 0 },
        "end": { "line": 23, "column": 22 }
      }
    },
    "fnMap": {
      "0": {
        "name": "(anonymous_0)",
        "decl": {
          "start": { "line": 1, "column": 15 },
          "end": { "line": 1, "column": 18 }
        },
        "loc": {
          "start": { "line": 1, "column": 20 },
          "end": { "line": 21, "column": 1 }
        }
      }
    },
    "branchMap": {},
    "s": { "0": 2, "1": 10, "2": 2 },
    "f": { "0": 10 },
    "b": {}
  },
  "/Users/amadeus/.openclaw/workspace/projects/swift-template-gallery-main/src/components/Gallery.tsx": {
    "path": "/Users/amadeus/.openclaw/workspace/projects/swift-template-gallery-main/src/components/Gallery.tsx",
    "statementMap": {
      "0": {
        "start": { "line": 18, "column": 0 },
        "end": { "line": 18, "column": 24 }
      },
      "1": {
        "start": { "line": 1, "column": 0 },
        "end": { "line": 1, "column": 42 }
      },
      "2": {
        "start": { "line": 2, "column": 0 },
        "end": { "line": 2, "column": 49 }
      },
      "3": {
        "start": { "line": 3, "column": 0 },
        "end": { "line": 3, "column": 42 }
      },
      "4": {
        "start": { "line": 4, "column": 0 },
        "end": { "line": 4, "column": 46 }
      },
      "5": {
        "start": { "line": 5, "column": 0 },
        "end": { "line": 5, "column": 42 }
      },
      "6": {
        "start": { "line": 6, "column": 0 },
        "end": { "line": 6, "column": 45 }
      },
      "7": {
        "start": { "line": 9, "column": 18 },
        "end": { "line": 9, "column": 45 }
      },
      "8": {
        "start": { "line": 11, "column": 16 },
        "end": { "line": 11, "column": 76 }
      },
      "9": {
        "start": { "line": 11, "column": 60 },
        "end": { "line": 11, "column": 66 }
      },
      "10": {
        "start": { "line": 12, "column": 22 },
        "end": { "line": 14, "column": 8 }
      },
      "11": {
        "start": { "line": 13, "column": 31 },
        "end": { "line": 13, "column": 41 }
      },
      "12": {
        "start": { "line": 15, "column": 17 },
        "end": { "line": 15, "column": 73 }
      },
      "13": {
        "start": { "line": 15, "column": 57 },
        "end": { "line": 15, "column": 63 }
      },
      "14": {
        "start": { "line": 16, "column": 18 },
        "end": { "line": 16, "column": 75 }
      },
      "15": {
        "start": { "line": 16, "column": 58 },
        "end": { "line": 16, "column": 65 }
      },
      "16": {
        "start": { "line": 19, "column": 20 },
        "end": { "line": 19, "column": 30 }
      },
      "17": {
        "start": { "line": 20, "column": 50 },
        "end": { "line": 21, "column": null }
      },
      "18": {
        "start": { "line": 23, "column": 32 },
        "end": { "line": 29, "column": 4 }
      },
      "19": {
        "start": { "line": 31, "column": 28 },
        "end": { "line": 63, "column": 22 }
      },
      "20": {
        "start": { "line": 32, "column": 4 },
        "end": { "line": 62, "column": 5 }
      },
      "21": {
        "start": { "line": 33, "column": 6 },
        "end": { "line": 54, "column": 9 }
      },
      "22": {
        "start": { "line": 35, "column": 10 },
        "end": { "line": 36, "column": 65 }
      },
      "23": {
        "start": { "line": 36, "column": 37 },
        "end": { "line": 36, "column": 64 }
      },
      "24": {
        "start": { "line": 38, "column": 10 },
        "end": { "line": 39, "column": 54 }
      },
      "25": {
        "start": { "line": 41, "column": 10 },
        "end": { "line": 41, "column": 75 }
      },
      "26": {
        "start": { "line": 43, "column": 10 },
        "end": { "line": 43, "column": 78 }
      },
      "27": {
        "start": { "line": 44, "column": 30 },
        "end": { "line": 46, "column": 49 }
      },
      "28": {
        "start": { "line": 47, "column": 8 },
        "end": { "line": 53, "column": 10 }
      },
      "29": {
        "start": { "line": 56, "column": 6 },
        "end": { "line": 60, "column": 9 }
      },
      "30": {
        "start": { "line": 61, "column": 6 },
        "end": { "line": 61, "column": 23 }
      },
      "31": {
        "start": { "line": 65, "column": 29 },
        "end": { "line": 75, "column": 3 }
      },
      "32": {
        "start": { "line": 66, "column": 4 },
        "end": { "line": 73, "column": 5 }
      },
      "33": {
        "start": { "line": 67, "column": 6 },
        "end": { "line": 71, "column": 9 }
      },
      "34": {
        "start": { "line": 72, "column": 6 },
        "end": { "line": 72, "column": 13 }
      },
      "35": {
        "start": { "line": 74, "column": 4 },
        "end": { "line": 74, "column": 34 }
      },
      "36": {
        "start": { "line": 77, "column": 25 },
        "end": { "line": 84, "column": 3 }
      },
      "37": {
        "start": { "line": 78, "column": 4 },
        "end": { "line": 83, "column": 8 }
      },
      "38": {
        "start": { "line": 78, "column": 26 },
        "end": { "line": 83, "column": 6 }
      },
      "39": {
        "start": { "line": 81, "column": 34 },
        "end": { "line": 81, "column": 43 }
      },
      "40": {
        "start": { "line": 86, "column": 2 },
        "end": { "line": 136, "column": 4 }
      },
      "41": {
        "start": { "line": 98, "column": 25 },
        "end": { "line": 98, "column": 50 }
      },
      "42": {
        "start": { "line": 125, "column": 12 },
        "end": { "line": 126, "column": null }
      },
      "43": {
        "start": { "line": 128, "column": 29 },
        "end": { "line": 128, "column": 57 }
      }
    },
    "fnMap": {
      "0": {
        "name": "(anonymous_1)",
        "decl": {
          "start": { "line": 11, "column": 53 },
          "end": { "line": 11, "column": 54 }
        },
        "loc": {
          "start": { "line": 11, "column": 60 },
          "end": { "line": 11, "column": 66 }
        }
      },
      "1": {
        "name": "(anonymous_2)",
        "decl": {
          "start": { "line": 13, "column": 24 },
          "end": { "line": 13, "column": 25 }
        },
        "loc": {
          "start": { "line": 13, "column": 31 },
          "end": { "line": 13, "column": 41 }
        }
      },
      "2": {
        "name": "(anonymous_3)",
        "decl": {
          "start": { "line": 15, "column": 50 },
          "end": { "line": 15, "column": 51 }
        },
        "loc": {
          "start": { "line": 15, "column": 57 },
          "end": { "line": 15, "column": 63 }
        }
      },
      "3": {
        "name": "(anonymous_4)",
        "decl": {
          "start": { "line": 16, "column": 51 },
          "end": { "line": 16, "column": 52 }
        },
        "loc": {
          "start": { "line": 16, "column": 58 },
          "end": { "line": 16, "column": 65 }
        }
      },
      "4": {
        "name": "Gallery",
        "decl": {
          "start": { "line": 18, "column": 24 },
          "end": { "line": 18, "column": 31 }
        },
        "loc": {
          "start": { "line": 18, "column": 31 },
          "end": { "line": 137, "column": 1 }
        }
      },
      "5": {
        "name": "(anonymous_6)",
        "decl": {
          "start": { "line": 31, "column": 36 },
          "end": { "line": 31, "column": 39 }
        },
        "loc": {
          "start": { "line": 31, "column": 41 },
          "end": { "line": 63, "column": 3 }
        }
      },
      "6": {
        "name": "(anonymous_7)",
        "decl": {
          "start": { "line": 33, "column": 30 },
          "end": { "line": 33, "column": 31 }
        },
        "loc": {
          "start": { "line": 33, "column": 43 },
          "end": { "line": 54, "column": 7 }
        }
      },
      "7": {
        "name": "(anonymous_8)",
        "decl": {
          "start": { "line": 36, "column": 28 },
          "end": { "line": 36, "column": 29 }
        },
        "loc": {
          "start": { "line": 36, "column": 37 },
          "end": { "line": 36, "column": 64 }
        }
      },
      "8": {
        "name": "(anonymous_9)",
        "decl": {
          "start": { "line": 65, "column": 29 },
          "end": { "line": 65, "column": 30 }
        },
        "loc": {
          "start": { "line": 65, "column": 52 },
          "end": { "line": 75, "column": 3 }
        }
      },
      "9": {
        "name": "(anonymous_10)",
        "decl": {
          "start": { "line": 77, "column": 25 },
          "end": { "line": 77, "column": 26 }
        },
        "loc": {
          "start": { "line": 77, "column": 41 },
          "end": { "line": 84, "column": 3 }
        }
      },
      "10": {
        "name": "(anonymous_11)",
        "decl": {
          "start": { "line": 78, "column": 15 },
          "end": { "line": 78, "column": 16 }
        },
        "loc": {
          "start": { "line": 78, "column": 26 },
          "end": { "line": 83, "column": 6 }
        }
      },
      "11": {
        "name": "(anonymous_12)",
        "decl": {
          "start": { "line": 81, "column": 27 },
          "end": { "line": 81, "column": 28 }
        },
        "loc": {
          "start": { "line": 81, "column": 34 },
          "end": { "line": 81, "column": 43 }
        }
      },
      "12": {
        "name": "(anonymous_13)",
        "decl": {
          "start": { "line": 98, "column": 19 },
          "end": { "line": 98, "column": 22 }
        },
        "loc": {
          "start": { "line": 98, "column": 25 },
          "end": { "line": 98, "column": 50 }
        }
      },
      "13": {
        "name": "(anonymous_14)",
        "decl": {
          "start": { "line": 124, "column": 32 },
          "end": { "line": 124, "column": 33 }
        },
        "loc": {
          "start": { "line": 125, "column": 12 },
          "end": { "line": 126, "column": null }
        }
      },
      "14": {
        "name": "(anonymous_15)",
        "decl": {
          "start": { "line": 128, "column": 23 },
          "end": { "line": 128, "column": 26 }
        },
        "loc": {
          "start": { "line": 128, "column": 29 },
          "end": { "line": 128, "column": 57 }
        }
      }
    },
    "branchMap": {
      "0": {
        "loc": {
          "start": { "line": 35, "column": 10 },
          "end": { "line": 36, "column": 65 }
        },
        "type": "binary-expr",
        "locations": [
          {
            "start": { "line": 35, "column": 10 },
            "end": { "line": 35, "column": 35 }
          },
          {
            "start": { "line": 36, "column": 10 },
            "end": { "line": 36, "column": 65 }
          }
        ]
      },
      "1": {
        "loc": {
          "start": { "line": 38, "column": 10 },
          "end": { "line": 39, "column": 54 }
        },
        "type": "binary-expr",
        "locations": [
          {
            "start": { "line": 38, "column": 10 },
            "end": { "line": 38, "column": 39 }
          },
          {
            "start": { "line": 39, "column": 10 },
            "end": { "line": 39, "column": 54 }
          }
        ]
      },
      "2": {
        "loc": {
          "start": { "line": 41, "column": 10 },
          "end": { "line": 41, "column": 75 }
        },
        "type": "binary-expr",
        "locations": [
          {
            "start": { "line": 41, "column": 10 },
            "end": { "line": 41, "column": 35 }
          },
          {
            "start": { "line": 41, "column": 39 },
            "end": { "line": 41, "column": 75 }
          }
        ]
      },
      "3": {
        "loc": {
          "start": { "line": 43, "column": 10 },
          "end": { "line": 43, "column": 78 }
        },
        "type": "binary-expr",
        "locations": [
          {
            "start": { "line": 43, "column": 10 },
            "end": { "line": 43, "column": 36 }
          },
          {
            "start": { "line": 43, "column": 40 },
            "end": { "line": 43, "column": 78 }
          }
        ]
      },
      "4": {
        "loc": {
          "start": { "line": 48, "column": 10 },
          "end": { "line": 52, "column": 23 }
        },
        "type": "binary-expr",
        "locations": [
          {
            "start": { "line": 48, "column": 10 },
            "end": { "line": 48, "column": 21 }
          },
          {
            "start": { "line": 49, "column": 10 },
            "end": { "line": 49, "column": 25 }
          },
          {
            "start": { "line": 50, "column": 10 },
            "end": { "line": 50, "column": 21 }
          },
          {
            "start": { "line": 51, "column": 10 },
            "end": { "line": 51, "column": 22 }
          },
          {
            "start": { "line": 52, "column": 10 },
            "end": { "line": 52, "column": 23 }
          }
        ]
      },
      "5": {
        "loc": {
          "start": { "line": 66, "column": 4 },
          "end": { "line": 73, "column": 5 }
        },
        "type": "if",
        "locations": [
          {
            "start": { "line": 66, "column": 4 },
            "end": { "line": 73, "column": 5 }
          },
          { "start": {}, "end": {} }
        ]
      },
      "6": {
        "loc": {
          "start": { "line": 80, "column": 12 },
          "end": { "line": 82, "column": 29 }
        },
        "type": "cond-expr",
        "locations": [
          {
            "start": { "line": 81, "column": 10 },
            "end": { "line": 81, "column": 44 }
          },
          {
            "start": { "line": 82, "column": 10 },
            "end": { "line": 82, "column": 29 }
          }
        ]
      },
      "7": {
        "loc": {
          "start": { "line": 95, "column": 7 },
          "end": { "line": 99, "column": null }
        },
        "type": "binary-expr",
        "locations": [
          {
            "start": { "line": 95, "column": 7 },
            "end": { "line": 95, "column": 23 }
          },
          {
            "start": { "line": 96, "column": 8 },
            "end": { "line": 98, "column": null }
          }
        ]
      },
      "8": {
        "loc": {
          "start": { "line": 114, "column": 9 },
          "end": { "line": 132, "column": null }
        },
        "type": "cond-expr",
        "locations": [
          {
            "start": { "line": 115, "column": 10 },
            "end": { "line": 121, "column": null }
          },
          {
            "start": { "line": 124, "column": 10 },
            "end": { "line": 132, "column": 12 }
          }
        ]
      }
    },
    "s": {
      "0": 1,
      "1": 1,
      "2": 1,
      "3": 1,
      "4": 1,
      "5": 1,
      "6": 1,
      "7": 1,
      "8": 1,
      "9": 3,
      "10": 1,
      "11": 3,
      "12": 1,
      "13": 3,
      "14": 1,
      "15": 3,
      "16": 19,
      "17": 19,
      "18": 19,
      "19": 19,
      "20": 19,
      "21": 19,
      "22": 57,
      "23": 9,
      "24": 57,
      "25": 57,
      "26": 57,
      "27": 57,
      "28": 57,
      "29": 0,
      "30": 0,
      "31": 19,
      "32": 0,
      "33": 0,
      "34": 0,
      "35": 0,
      "36": 19,
      "37": 4,
      "38": 4,
      "39": 1,
      "40": 19,
      "41": 0,
      "42": 45,
      "43": 0
    },
    "f": {
      "0": 3,
      "1": 3,
      "2": 3,
      "3": 3,
      "4": 19,
      "5": 19,
      "6": 57,
      "7": 9,
      "8": 0,
      "9": 4,
      "10": 4,
      "11": 1,
      "12": 0,
      "13": 45,
      "14": 0
    },
    "b": {
      "0": [57, 9],
      "1": [57, 0],
      "2": [57, 0],
      "3": [57, 0],
      "4": [57, 52, 52, 52, 52],
      "5": [0, 0],
      "6": [1, 3],
      "7": [19, 0],
      "8": [1, 18]
    }
  },
  "/Users/amadeus/.openclaw/workspace/projects/swift-template-gallery-main/src/components/GalleryFilters.tsx": {
    "path": "/Users/amadeus/.openclaw/workspace/projects/swift-template-gallery-main/src/components/GalleryFilters.tsx",
    "statementMap": {
      "0": {
        "start": { "line": 33, "column": 0 },
        "end": { "line": 33, "column": 24 }
      },
      "1": {
        "start": { "line": 1, "column": 0 },
        "end": { "line": 1, "column": 33 }
      },
      "2": {
        "start": { "line": 2, "column": 0 },
        "end": { "line": 2, "column": 60 }
      },
      "3": {
        "start": { "line": 3, "column": 0 },
        "end": { "line": 3, "column": 46 }
      },
      "4": {
        "start": { "line": 4, "column": 0 },
        "end": { "line": 4, "column": 48 }
      },
      "5": {
        "start": { "line": 5, "column": 0 },
        "end": { "line": 5, "column": 46 }
      },
      "6": {
        "start": { "line": 6, "column": 0 },
        "end": { "line": 6, "column": 76 }
      },
      "7": {
        "start": { "line": 7, "column": 0 },
        "end": { "line": 7, "column": null }
      },
      "8": {
        "start": { "line": 14, "column": 0 },
        "end": { "line": 14, "column": null }
      },
      "9": {
        "start": { "line": 43, "column": 36 },
        "end": { "line": 43, "column": 51 }
      },
      "10": {
        "start": { "line": 46, "column": 4 },
        "end": { "line": 49, "column": 24 }
      },
      "11": {
        "start": { "line": 50, "column": 27 },
        "end": { "line": 50, "column": 77 }
      },
      "12": {
        "start": { "line": 52, "column": 25 },
        "end": { "line": 54, "column": 3 }
      },
      "13": {
        "start": { "line": 53, "column": 4 },
        "end": { "line": 53, "column": 76 }
      },
      "14": {
        "start": { "line": 56, "column": 29 },
        "end": { "line": 58, "column": 3 }
      },
      "15": {
        "start": { "line": 57, "column": 4 },
        "end": { "line": 57, "column": 55 }
      },
      "16": {
        "start": { "line": 60, "column": 26 },
        "end": { "line": 62, "column": 3 }
      },
      "17": {
        "start": { "line": 61, "column": 4 },
        "end": { "line": 61, "column": 76 }
      },
      "18": {
        "start": { "line": 61, "column": 62 },
        "end": { "line": 61, "column": 71 }
      },
      "19": {
        "start": { "line": 64, "column": 31 },
        "end": { "line": 69, "column": 3 }
      },
      "20": {
        "start": { "line": 65, "column": 4 },
        "end": { "line": 68, "column": 7 }
      },
      "21": {
        "start": { "line": 67, "column": 47 },
        "end": { "line": 67, "column": 58 }
      },
      "22": {
        "start": { "line": 71, "column": 27 },
        "end": { "line": 73, "column": 3 }
      },
      "23": {
        "start": { "line": 72, "column": 4 },
        "end": { "line": 72, "column": 78 }
      },
      "24": {
        "start": { "line": 72, "column": 62 },
        "end": { "line": 72, "column": 73 }
      },
      "25": {
        "start": { "line": 75, "column": 28 },
        "end": { "line": 77, "column": 3 }
      },
      "26": {
        "start": { "line": 76, "column": 4 },
        "end": { "line": 76, "column": 80 }
      },
      "27": {
        "start": { "line": 76, "column": 64 },
        "end": { "line": 76, "column": 75 }
      },
      "28": {
        "start": { "line": 79, "column": 2 },
        "end": { "line": 357, "column": 4 }
      },
      "29": {
        "start": { "line": 134, "column": 22 },
        "end": { "line": 134, "column": 66 }
      },
      "30": {
        "start": { "line": 139, "column": 22 },
        "end": { "line": 140, "column": null }
      },
      "31": {
        "start": { "line": 170, "column": 22 },
        "end": { "line": 170, "column": 62 }
      },
      "32": {
        "start": { "line": 175, "column": 22 },
        "end": { "line": 176, "column": null }
      },
      "33": {
        "start": { "line": 206, "column": 22 },
        "end": { "line": 206, "column": 63 }
      },
      "34": {
        "start": { "line": 211, "column": 22 },
        "end": { "line": 212, "column": null }
      },
      "35": {
        "start": { "line": 242, "column": 22 },
        "end": { "line": 242, "column": 62 }
      },
      "36": {
        "start": { "line": 247, "column": 22 },
        "end": { "line": 248, "column": null }
      },
      "37": {
        "start": { "line": 298, "column": 12 },
        "end": { "line": 299, "column": null }
      },
      "38": {
        "start": { "line": 302, "column": 29 },
        "end": { "line": 302, "column": 52 }
      },
      "39": {
        "start": { "line": 309, "column": 12 },
        "end": { "line": 310, "column": null }
      },
      "40": {
        "start": { "line": 313, "column": 29 },
        "end": { "line": 313, "column": 48 }
      },
      "41": {
        "start": { "line": 320, "column": 12 },
        "end": { "line": 321, "column": null }
      },
      "42": {
        "start": { "line": 324, "column": 29 },
        "end": { "line": 324, "column": 49 }
      },
      "43": {
        "start": { "line": 331, "column": 12 },
        "end": { "line": 332, "column": null }
      },
      "44": {
        "start": { "line": 335, "column": 29 },
        "end": { "line": 335, "column": 49 }
      }
    },
    "fnMap": {
      "0": {
        "name": "GalleryFilters",
        "decl": {
          "start": { "line": 33, "column": 24 },
          "end": { "line": 33, "column": 38 }
        },
        "loc": {
          "start": { "line": 42, "column": 22 },
          "end": { "line": 358, "column": 1 }
        }
      },
      "1": {
        "name": "(anonymous_1)",
        "decl": {
          "start": { "line": 52, "column": 25 },
          "end": { "line": 52, "column": 28 }
        },
        "loc": {
          "start": { "line": 52, "column": 30 },
          "end": { "line": 54, "column": 3 }
        }
      },
      "2": {
        "name": "(anonymous_2)",
        "decl": {
          "start": { "line": 56, "column": 29 },
          "end": { "line": 56, "column": 30 }
        },
        "loc": {
          "start": { "line": 56, "column": 72 },
          "end": { "line": 58, "column": 3 }
        }
      },
      "3": {
        "name": "(anonymous_3)",
        "decl": {
          "start": { "line": 60, "column": 26 },
          "end": { "line": 60, "column": 27 }
        },
        "loc": {
          "start": { "line": 60, "column": 42 },
          "end": { "line": 62, "column": 3 }
        }
      },
      "4": {
        "name": "(anonymous_4)",
        "decl": {
          "start": { "line": 61, "column": 55 },
          "end": { "line": 61, "column": 56 }
        },
        "loc": {
          "start": { "line": 61, "column": 62 },
          "end": { "line": 61, "column": 71 }
        }
      },
      "5": {
        "name": "(anonymous_5)",
        "decl": {
          "start": { "line": 64, "column": 31 },
          "end": { "line": 64, "column": 32 }
        },
        "loc": {
          "start": { "line": 64, "column": 49 },
          "end": { "line": 69, "column": 3 }
        }
      },
      "6": {
        "name": "(anonymous_6)",
        "decl": {
          "start": { "line": 67, "column": 40 },
          "end": { "line": 67, "column": 41 }
        },
        "loc": {
          "start": { "line": 67, "column": 47 },
          "end": { "line": 67, "column": 58 }
        }
      },
      "7": {
        "name": "(anonymous_7)",
        "decl": {
          "start": { "line": 71, "column": 27 },
          "end": { "line": 71, "column": 28 }
        },
        "loc": {
          "start": { "line": 71, "column": 45 },
          "end": { "line": 73, "column": 3 }
        }
      },
      "8": {
        "name": "(anonymous_8)",
        "decl": {
          "start": { "line": 72, "column": 55 },
          "end": { "line": 72, "column": 56 }
        },
        "loc": {
          "start": { "line": 72, "column": 62 },
          "end": { "line": 72, "column": 73 }
        }
      },
      "9": {
        "name": "(anonymous_9)",
        "decl": {
          "start": { "line": 75, "column": 28 },
          "end": { "line": 75, "column": 29 }
        },
        "loc": {
          "start": { "line": 75, "column": 46 },
          "end": { "line": 77, "column": 3 }
        }
      },
      "10": {
        "name": "(anonymous_10)",
        "decl": {
          "start": { "line": 76, "column": 57 },
          "end": { "line": 76, "column": 58 }
        },
        "loc": {
          "start": { "line": 76, "column": 64 },
          "end": { "line": 76, "column": 75 }
        }
      },
      "11": {
        "name": "(anonymous_11)",
        "decl": {
          "start": { "line": 133, "column": 35 },
          "end": { "line": 133, "column": 36 }
        },
        "loc": {
          "start": { "line": 134, "column": 22 },
          "end": { "line": 134, "column": 66 }
        }
      },
      "12": {
        "name": "(anonymous_12)",
        "decl": {
          "start": { "line": 138, "column": 39 },
          "end": { "line": 138, "column": 40 }
        },
        "loc": {
          "start": { "line": 139, "column": 22 },
          "end": { "line": 140, "column": null }
        }
      },
      "13": {
        "name": "(anonymous_13)",
        "decl": {
          "start": { "line": 169, "column": 35 },
          "end": { "line": 169, "column": 36 }
        },
        "loc": {
          "start": { "line": 170, "column": 22 },
          "end": { "line": 170, "column": 62 }
        }
      },
      "14": {
        "name": "(anonymous_14)",
        "decl": {
          "start": { "line": 174, "column": 34 },
          "end": { "line": 174, "column": 35 }
        },
        "loc": {
          "start": { "line": 175, "column": 22 },
          "end": { "line": 176, "column": null }
        }
      },
      "15": {
        "name": "(anonymous_15)",
        "decl": {
          "start": { "line": 205, "column": 35 },
          "end": { "line": 205, "column": 36 }
        },
        "loc": {
          "start": { "line": 206, "column": 22 },
          "end": { "line": 206, "column": 63 }
        }
      },
      "16": {
        "name": "(anonymous_16)",
        "decl": {
          "start": { "line": 210, "column": 35 },
          "end": { "line": 210, "column": 36 }
        },
        "loc": {
          "start": { "line": 211, "column": 22 },
          "end": { "line": 212, "column": null }
        }
      },
      "17": {
        "name": "(anonymous_17)",
        "decl": {
          "start": { "line": 241, "column": 35 },
          "end": { "line": 241, "column": 36 }
        },
        "loc": {
          "start": { "line": 242, "column": 22 },
          "end": { "line": 242, "column": 62 }
        }
      },
      "18": {
        "name": "(anonymous_18)",
        "decl": {
          "start": { "line": 246, "column": 33 },
          "end": { "line": 246, "column": 34 }
        },
        "loc": {
          "start": { "line": 247, "column": 22 },
          "end": { "line": 248, "column": null }
        }
      },
      "19": {
        "name": "(anonymous_19)",
        "decl": {
          "start": { "line": 297, "column": 32 },
          "end": { "line": 297, "column": 33 }
        },
        "loc": {
          "start": { "line": 298, "column": 12 },
          "end": { "line": 299, "column": null }
        }
      },
      "20": {
        "name": "(anonymous_20)",
        "decl": {
          "start": { "line": 302, "column": 23 },
          "end": { "line": 302, "column": 26 }
        },
        "loc": {
          "start": { "line": 302, "column": 29 },
          "end": { "line": 302, "column": 52 }
        }
      },
      "21": {
        "name": "(anonymous_21)",
        "decl": {
          "start": { "line": 308, "column": 28 },
          "end": { "line": 308, "column": 29 }
        },
        "loc": {
          "start": { "line": 309, "column": 12 },
          "end": { "line": 310, "column": null }
        }
      },
      "22": {
        "name": "(anonymous_22)",
        "decl": {
          "start": { "line": 313, "column": 23 },
          "end": { "line": 313, "column": 26 }
        },
        "loc": {
          "start": { "line": 313, "column": 29 },
          "end": { "line": 313, "column": 48 }
        }
      },
      "23": {
        "name": "(anonymous_23)",
        "decl": {
          "start": { "line": 319, "column": 29 },
          "end": { "line": 319, "column": 30 }
        },
        "loc": {
          "start": { "line": 320, "column": 12 },
          "end": { "line": 321, "column": null }
        }
      },
      "24": {
        "name": "(anonymous_24)",
        "decl": {
          "start": { "line": 324, "column": 23 },
          "end": { "line": 324, "column": 26 }
        },
        "loc": {
          "start": { "line": 324, "column": 29 },
          "end": { "line": 324, "column": 49 }
        }
      },
      "25": {
        "name": "(anonymous_25)",
        "decl": {
          "start": { "line": 330, "column": 28 },
          "end": { "line": 330, "column": 29 }
        },
        "loc": {
          "start": { "line": 331, "column": 12 },
          "end": { "line": 332, "column": null }
        }
      },
      "26": {
        "name": "(anonymous_26)",
        "decl": {
          "start": { "line": 335, "column": 23 },
          "end": { "line": 335, "column": 26 }
        },
        "loc": {
          "start": { "line": 335, "column": 29 },
          "end": { "line": 335, "column": 49 }
        }
      }
    },
    "branchMap": {
      "0": {
        "loc": {
          "start": { "line": 50, "column": 27 },
          "end": { "line": 50, "column": 77 }
        },
        "type": "binary-expr",
        "locations": [
          {
            "start": { "line": 50, "column": 27 },
            "end": { "line": 50, "column": 48 }
          },
          {
            "start": { "line": 50, "column": 52 },
            "end": { "line": 50, "column": 77 }
          }
        ]
      },
      "1": {
        "loc": {
          "start": { "line": 99, "column": 15 },
          "end": { "line": 102, "column": null }
        },
        "type": "binary-expr",
        "locations": [
          {
            "start": { "line": 99, "column": 15 },
            "end": { "line": 99, "column": 36 }
          },
          {
            "start": { "line": 100, "column": 16 },
            "end": { "line": 101, "column": null }
          }
        ]
      },
      "2": {
        "loc": {
          "start": { "line": 120, "column": 19 },
          "end": { "line": 126, "column": null }
        },
        "type": "binary-expr",
        "locations": [
          {
            "start": { "line": 120, "column": 19 },
            "end": { "line": 120, "column": 46 }
          },
          {
            "start": { "line": 121, "column": 20 },
            "end": { "line": 125, "column": null }
          }
        ]
      },
      "3": {
        "loc": {
          "start": { "line": 156, "column": 19 },
          "end": { "line": 162, "column": null }
        },
        "type": "binary-expr",
        "locations": [
          {
            "start": { "line": 156, "column": 19 },
            "end": { "line": 156, "column": 42 }
          },
          {
            "start": { "line": 157, "column": 20 },
            "end": { "line": 161, "column": null }
          }
        ]
      },
      "4": {
        "loc": {
          "start": { "line": 192, "column": 19 },
          "end": { "line": 198, "column": null }
        },
        "type": "binary-expr",
        "locations": [
          {
            "start": { "line": 192, "column": 19 },
            "end": { "line": 192, "column": 43 }
          },
          {
            "start": { "line": 193, "column": 20 },
            "end": { "line": 197, "column": null }
          }
        ]
      },
      "5": {
        "loc": {
          "start": { "line": 228, "column": 19 },
          "end": { "line": 234, "column": null }
        },
        "type": "binary-expr",
        "locations": [
          {
            "start": { "line": 228, "column": 19 },
            "end": { "line": 228, "column": 42 }
          },
          {
            "start": { "line": 229, "column": 20 },
            "end": { "line": 233, "column": null }
          }
        ]
      },
      "6": {
        "loc": {
          "start": { "line": 261, "column": 13 },
          "end": { "line": 272, "column": null }
        },
        "type": "binary-expr",
        "locations": [
          {
            "start": { "line": 261, "column": 13 },
            "end": { "line": 261, "column": 34 }
          },
          {
            "start": { "line": 262, "column": 14 },
            "end": { "line": 271, "column": null }
          }
        ]
      },
      "7": {
        "loc": {
          "start": { "line": 277, "column": 9 },
          "end": { "line": 286, "column": null }
        },
        "type": "binary-expr",
        "locations": [
          {
            "start": { "line": 277, "column": 9 },
            "end": { "line": 277, "column": 25 }
          },
          {
            "start": { "line": 278, "column": 10 },
            "end": { "line": 284, "column": null }
          }
        ]
      },
      "8": {
        "loc": {
          "start": { "line": 291, "column": 7 },
          "end": { "line": 341, "column": null }
        },
        "type": "binary-expr",
        "locations": [
          {
            "start": { "line": 291, "column": 8 },
            "end": { "line": 291, "column": 35 }
          },
          {
            "start": { "line": 292, "column": 8 },
            "end": { "line": 292, "column": 31 }
          },
          {
            "start": { "line": 293, "column": 8 },
            "end": { "line": 293, "column": 32 }
          },
          {
            "start": { "line": 294, "column": 8 },
            "end": { "line": 294, "column": 31 }
          },
          {
            "start": { "line": 295, "column": 8 },
            "end": { "line": 340, "column": null }
          }
        ]
      },
      "9": {
        "loc": {
          "start": { "line": 346, "column": 9 },
          "end": { "line": 353, "column": null }
        },
        "type": "cond-expr",
        "locations": [
          {
            "start": { "line": 347, "column": 10 },
            "end": { "line": 350, "column": null }
          },
          {
            "start": { "line": 353, "column": 10 },
            "end": { "line": 353, "column": 40 }
          }
        ]
      }
    },
    "s": {
      "0": 2,
      "1": 2,
      "2": 2,
      "3": 2,
      "4": 2,
      "5": 2,
      "6": 2,
      "7": 2,
      "8": 2,
      "9": 33,
      "10": 33,
      "11": 33,
      "12": 33,
      "13": 1,
      "14": 33,
      "15": 4,
      "16": 33,
      "17": 0,
      "18": 0,
      "19": 33,
      "20": 1,
      "21": 2,
      "22": 33,
      "23": 0,
      "24": 0,
      "25": 33,
      "26": 0,
      "27": 0,
      "28": 33,
      "29": 0,
      "30": 94,
      "31": 0,
      "32": 127,
      "33": 0,
      "34": 127,
      "35": 0,
      "36": 222,
      "37": 4,
      "38": 1,
      "39": 2,
      "40": 0,
      "41": 1,
      "42": 0,
      "43": 4,
      "44": 0
    },
    "f": {
      "0": 33,
      "1": 1,
      "2": 4,
      "3": 0,
      "4": 0,
      "5": 1,
      "6": 2,
      "7": 0,
      "8": 0,
      "9": 0,
      "10": 0,
      "11": 0,
      "12": 94,
      "13": 0,
      "14": 127,
      "15": 0,
      "16": 127,
      "17": 0,
      "18": 222,
      "19": 4,
      "20": 1,
      "21": 2,
      "22": 0,
      "23": 1,
      "24": 0,
      "25": 4,
      "26": 0
    },
    "b": {
      "0": [33, 24],
      "1": [33, 9],
      "2": [33, 3],
      "3": [33, 2],
      "4": [33, 1],
      "5": [33, 4],
      "6": [33, 9],
      "7": [33, 15],
      "8": [33, 30, 29, 28, 9],
      "9": [15, 18]
    }
  },
  "/Users/amadeus/.openclaw/workspace/projects/swift-template-gallery-main/src/components/Header.tsx": {
    "path": "/Users/amadeus/.openclaw/workspace/projects/swift-template-gallery-main/src/components/Header.tsx",
    "statementMap": {
      "0": {
        "start": { "line": 1, "column": 0 },
        "end": { "line": 1, "column": 48 }
      },
      "1": {
        "start": { "line": 2, "column": 0 },
        "end": { "line": 2, "column": 56 }
      },
      "2": {
        "start": { "line": 4, "column": 15 },
        "end": { "line": 56, "column": 1 }
      },
      "3": {
        "start": { "line": 5, "column": 26 },
        "end": { "line": 10, "column": 3 }
      },
      "4": {
        "start": { "line": 6, "column": 20 },
        "end": { "line": 6, "column": 47 }
      },
      "5": {
        "start": { "line": 7, "column": 4 },
        "end": { "line": 9, "column": 5 }
      },
      "6": {
        "start": { "line": 8, "column": 6 },
        "end": { "line": 8, "column": 53 }
      },
      "7": {
        "start": { "line": 12, "column": 2 },
        "end": { "line": 55, "column": 4 }
      },
      "8": {
        "start": { "line": 19, "column": 27 },
        "end": { "line": 19, "column": 53 }
      },
      "9": {
        "start": { "line": 25, "column": 27 },
        "end": { "line": 25, "column": 53 }
      },
      "10": {
        "start": { "line": 31, "column": 27 },
        "end": { "line": 31, "column": 53 }
      },
      "11": {
        "start": { "line": 41, "column": 27 },
        "end": { "line": 41, "column": 53 }
      },
      "12": {
        "start": { "line": 49, "column": 25 },
        "end": { "line": 49, "column": 51 }
      },
      "13": {
        "start": { "line": 58, "column": 0 },
        "end": { "line": 58, "column": 22 }
      }
    },
    "fnMap": {
      "0": {
        "name": "(anonymous_0)",
        "decl": {
          "start": { "line": 4, "column": 15 },
          "end": { "line": 4, "column": 18 }
        },
        "loc": {
          "start": { "line": 4, "column": 20 },
          "end": { "line": 56, "column": 1 }
        }
      },
      "1": {
        "name": "(anonymous_1)",
        "decl": {
          "start": { "line": 5, "column": 26 },
          "end": { "line": 5, "column": 27 }
        },
        "loc": {
          "start": { "line": 5, "column": 41 },
          "end": { "line": 10, "column": 3 }
        }
      },
      "2": {
        "name": "(anonymous_2)",
        "decl": {
          "start": { "line": 19, "column": 21 },
          "end": { "line": 19, "column": 24 }
        },
        "loc": {
          "start": { "line": 19, "column": 27 },
          "end": { "line": 19, "column": 53 }
        }
      },
      "3": {
        "name": "(anonymous_3)",
        "decl": {
          "start": { "line": 25, "column": 21 },
          "end": { "line": 25, "column": 24 }
        },
        "loc": {
          "start": { "line": 25, "column": 27 },
          "end": { "line": 25, "column": 53 }
        }
      },
      "4": {
        "name": "(anonymous_4)",
        "decl": {
          "start": { "line": 31, "column": 21 },
          "end": { "line": 31, "column": 24 }
        },
        "loc": {
          "start": { "line": 31, "column": 27 },
          "end": { "line": 31, "column": 53 }
        }
      },
      "5": {
        "name": "(anonymous_5)",
        "decl": {
          "start": { "line": 41, "column": 21 },
          "end": { "line": 41, "column": 24 }
        },
        "loc": {
          "start": { "line": 41, "column": 27 },
          "end": { "line": 41, "column": 53 }
        }
      },
      "6": {
        "name": "(anonymous_6)",
        "decl": {
          "start": { "line": 49, "column": 19 },
          "end": { "line": 49, "column": 22 }
        },
        "loc": {
          "start": { "line": 49, "column": 25 },
          "end": { "line": 49, "column": 51 }
        }
      }
    },
    "branchMap": {
      "0": {
        "loc": {
          "start": { "line": 7, "column": 4 },
          "end": { "line": 9, "column": 5 }
        },
        "type": "if",
        "locations": [
          {
            "start": { "line": 7, "column": 4 },
            "end": { "line": 9, "column": 5 }
          },
          { "start": {}, "end": {} }
        ]
      }
    },
    "s": {
      "0": 2,
      "1": 2,
      "2": 2,
      "3": 12,
      "4": 0,
      "5": 0,
      "6": 0,
      "7": 12,
      "8": 0,
      "9": 0,
      "10": 0,
      "11": 0,
      "12": 0,
      "13": 2
    },
    "f": { "0": 12, "1": 0, "2": 0, "3": 0, "4": 0, "5": 0, "6": 0 },
    "b": { "0": [0, 0] }
  },
  "/Users/amadeus/.openclaw/workspace/projects/swift-template-gallery-main/src/components/Hero.tsx": {
    "path": "/Users/amadeus/.openclaw/workspace/projects/swift-template-gallery-main/src/components/Hero.tsx",
    "statementMap": {
      "0": {
        "start": { "line": 1, "column": 0 },
        "end": { "line": 1, "column": 48 }
      },
      "1": {
        "start": { "line": 3, "column": 13 },
        "end": { "line": 30, "column": 1 }
      },
      "2": {
        "start": { "line": 4, "column": 26 },
        "end": { "line": 9, "column": 3 }
      },
      "3": {
        "start": { "line": 5, "column": 20 },
        "end": { "line": 5, "column": 54 }
      },
      "4": {
        "start": { "line": 6, "column": 4 },
        "end": { "line": 8, "column": 5 }
      },
      "5": {
        "start": { "line": 7, "column": 6 },
        "end": { "line": 7, "column": 53 }
      },
      "6": {
        "start": { "line": 11, "column": 2 },
        "end": { "line": 29, "column": 4 }
      },
      "7": {
        "start": { "line": 32, "column": 0 },
        "end": { "line": 32, "column": 20 }
      }
    },
    "fnMap": {
      "0": {
        "name": "(anonymous_0)",
        "decl": {
          "start": { "line": 3, "column": 13 },
          "end": { "line": 3, "column": 16 }
        },
        "loc": {
          "start": { "line": 3, "column": 18 },
          "end": { "line": 30, "column": 1 }
        }
      },
      "1": {
        "name": "(anonymous_1)",
        "decl": {
          "start": { "line": 4, "column": 26 },
          "end": { "line": 4, "column": 29 }
        },
        "loc": {
          "start": { "line": 4, "column": 31 },
          "end": { "line": 9, "column": 3 }
        }
      }
    },
    "branchMap": {
      "0": {
        "loc": {
          "start": { "line": 6, "column": 4 },
          "end": { "line": 8, "column": 5 }
        },
        "type": "if",
        "locations": [
          {
            "start": { "line": 6, "column": 4 },
            "end": { "line": 8, "column": 5 }
          },
          { "start": {}, "end": {} }
        ]
      }
    },
    "s": { "0": 2, "1": 2, "2": 10, "3": 0, "4": 0, "5": 0, "6": 10, "7": 2 },
    "f": { "0": 10, "1": 0 },
    "b": { "0": [0, 0] }
  },
  "/Users/amadeus/.openclaw/workspace/projects/swift-template-gallery-main/src/components/NavLink.tsx": {
    "path": "/Users/amadeus/.openclaw/workspace/projects/swift-template-gallery-main/src/components/NavLink.tsx",
    "statementMap": {
      "0": {
        "start": { "line": 1, "column": 0 },
        "end": { "line": 1, "column": 74 }
      },
      "1": {
        "start": { "line": 2, "column": 0 },
        "end": { "line": 2, "column": 35 }
      },
      "2": {
        "start": { "line": 3, "column": 0 },
        "end": { "line": 3, "column": 33 }
      },
      "3": {
        "start": { "line": 11, "column": 16 },
        "end": { "line": 27, "column": null }
      },
      "4": {
        "start": { "line": 13, "column": 4 },
        "end": { "line": 26, "column": 6 }
      },
      "5": {
        "start": { "line": 18, "column": 10 },
        "end": { "line": 21, "column": null }
      },
      "6": {
        "start": { "line": 32, "column": 9 },
        "end": { "line": 32, "column": 16 }
      },
      "7": {
        "start": { "line": 30, "column": 0 },
        "end": { "line": 30, "column": 32 }
      }
    },
    "fnMap": {
      "0": {
        "name": "(anonymous_0)",
        "decl": {
          "start": { "line": 12, "column": 2 },
          "end": { "line": 12, "column": 3 }
        },
        "loc": {
          "start": { "line": 12, "column": 74 },
          "end": { "line": 27, "column": 3 }
        }
      },
      "1": {
        "name": "(anonymous_1)",
        "decl": {
          "start": { "line": 17, "column": 19 },
          "end": { "line": 17, "column": 20 }
        },
        "loc": {
          "start": { "line": 18, "column": 10 },
          "end": { "line": 21, "column": null }
        }
      }
    },
    "branchMap": {
      "0": {
        "loc": {
          "start": { "line": 20, "column": 12 },
          "end": { "line": 20, "column": 39 }
        },
        "type": "binary-expr",
        "locations": [
          {
            "start": { "line": 20, "column": 12 },
            "end": { "line": 20, "column": 20 }
          },
          {
            "start": { "line": 20, "column": 24 },
            "end": { "line": 20, "column": 39 }
          }
        ]
      },
      "1": {
        "loc": {
          "start": { "line": 21, "column": 12 },
          "end": { "line": 21, "column": 41 }
        },
        "type": "binary-expr",
        "locations": [
          {
            "start": { "line": 21, "column": 12 },
            "end": { "line": 21, "column": 21 }
          },
          {
            "start": { "line": 21, "column": 25 },
            "end": { "line": 21, "column": 41 }
          }
        ]
      }
    },
    "s": { "0": 1, "1": 1, "2": 1, "3": 1, "4": 21, "5": 21, "6": 1, "7": 1 },
    "f": { "0": 21, "1": 21 },
    "b": { "0": [21, 12], "1": [21, 0] }
  },
  "/Users/amadeus/.openclaw/workspace/projects/swift-template-gallery-main/src/components/PreviewModal.tsx": {
    "path": "/Users/amadeus/.openclaw/workspace/projects/swift-template-gallery-main/src/components/PreviewModal.tsx",
    "statementMap": {
      "0": {
        "start": { "line": 1, "column": 0 },
        "end": { "line": 1, "column": null }
      },
      "1": {
        "start": { "line": 19, "column": 21 },
        "end": { "line": 40, "column": 1 }
      },
      "2": {
        "start": { "line": 20, "column": 2 },
        "end": { "line": 20, "column": 29 }
      },
      "3": {
        "start": { "line": 20, "column": 17 },
        "end": { "line": 20, "column": 29 }
      },
      "4": {
        "start": { "line": 22, "column": 2 },
        "end": { "line": 39, "column": 4 }
      },
      "5": {
        "start": { "line": 42, "column": 0 },
        "end": { "line": 42, "column": 28 }
      }
    },
    "fnMap": {
      "0": {
        "name": "(anonymous_0)",
        "decl": {
          "start": { "line": 19, "column": 21 },
          "end": { "line": 19, "column": 22 }
        },
        "loc": {
          "start": { "line": 19, "column": 66 },
          "end": { "line": 40, "column": 1 }
        }
      }
    },
    "branchMap": {
      "0": {
        "loc": {
          "start": { "line": 20, "column": 2 },
          "end": { "line": 20, "column": 29 }
        },
        "type": "if",
        "locations": [
          {
            "start": { "line": 20, "column": 2 },
            "end": { "line": 20, "column": 29 }
          },
          { "start": {}, "end": {} }
        ]
      }
    },
    "s": { "0": 3, "1": 3, "2": 20, "3": 3, "4": 17, "5": 3 },
    "f": { "0": 20 },
    "b": { "0": [3, 17] }
  },
  "/Users/amadeus/.openclaw/workspace/projects/swift-template-gallery-main/src/components/Pricing.tsx": {
    "path": "/Users/amadeus/.openclaw/workspace/projects/swift-template-gallery-main/src/components/Pricing.tsx",
    "statementMap": {
      "0": {
        "start": { "line": 1, "column": 0 },
        "end": { "line": 1, "column": 48 }
      },
      "1": {
        "start": { "line": 3, "column": 16 },
        "end": { "line": 63, "column": 1 }
      },
      "2": {
        "start": { "line": 4, "column": 26 },
        "end": { "line": 9, "column": 3 }
      },
      "3": {
        "start": { "line": 5, "column": 20 },
        "end": { "line": 5, "column": 54 }
      },
      "4": {
        "start": { "line": 6, "column": 4 },
        "end": { "line": 8, "column": 5 }
      },
      "5": {
        "start": { "line": 7, "column": 6 },
        "end": { "line": 7, "column": 53 }
      },
      "6": {
        "start": { "line": 11, "column": 2 },
        "end": { "line": 62, "column": 4 }
      },
      "7": {
        "start": { "line": 65, "column": 0 },
        "end": { "line": 65, "column": 23 }
      }
    },
    "fnMap": {
      "0": {
        "name": "(anonymous_0)",
        "decl": {
          "start": { "line": 3, "column": 16 },
          "end": { "line": 3, "column": 19 }
        },
        "loc": {
          "start": { "line": 3, "column": 21 },
          "end": { "line": 63, "column": 1 }
        }
      },
      "1": {
        "name": "(anonymous_1)",
        "decl": {
          "start": { "line": 4, "column": 26 },
          "end": { "line": 4, "column": 29 }
        },
        "loc": {
          "start": { "line": 4, "column": 31 },
          "end": { "line": 9, "column": 3 }
        }
      }
    },
    "branchMap": {
      "0": {
        "loc": {
          "start": { "line": 6, "column": 4 },
          "end": { "line": 8, "column": 5 }
        },
        "type": "if",
        "locations": [
          {
            "start": { "line": 6, "column": 4 },
            "end": { "line": 8, "column": 5 }
          },
          { "start": {}, "end": {} }
        ]
      }
    },
    "s": { "0": 2, "1": 2, "2": 12, "3": 0, "4": 0, "5": 0, "6": 12, "7": 2 },
    "f": { "0": 12, "1": 0 },
    "b": { "0": [0, 0] }
  },
  "/Users/amadeus/.openclaw/workspace/projects/swift-template-gallery-main/src/components/RatingForm.tsx": {
    "path": "/Users/amadeus/.openclaw/workspace/projects/swift-template-gallery-main/src/components/RatingForm.tsx",
    "statementMap": {
      "0": {
        "start": { "line": 14, "column": 0 },
        "end": { "line": 14, "column": 24 }
      },
      "1": {
        "start": { "line": 1, "column": 0 },
        "end": { "line": 1, "column": 33 }
      },
      "2": {
        "start": { "line": 2, "column": 0 },
        "end": { "line": 2, "column": 42 }
      },
      "3": {
        "start": { "line": 3, "column": 0 },
        "end": { "line": 3, "column": 48 }
      },
      "4": {
        "start": { "line": 4, "column": 0 },
        "end": { "line": 4, "column": 52 }
      },
      "5": {
        "start": { "line": 5, "column": 0 },
        "end": { "line": 5, "column": 53 }
      },
      "6": {
        "start": { "line": 6, "column": 0 },
        "end": { "line": 6, "column": 40 }
      },
      "7": {
        "start": { "line": 15, "column": 20 },
        "end": { "line": 15, "column": 30 }
      },
      "8": {
        "start": { "line": 16, "column": 30 },
        "end": { "line": 16, "column": 49 }
      },
      "9": {
        "start": { "line": 17, "column": 32 },
        "end": { "line": 17, "column": 44 }
      },
      "10": {
        "start": { "line": 18, "column": 38 },
        "end": { "line": 18, "column": 53 }
      },
      "11": {
        "start": { "line": 19, "column": 40 },
        "end": { "line": 19, "column": 55 }
      },
      "12": {
        "start": { "line": 21, "column": 23 },
        "end": { "line": 59, "column": 3 }
      },
      "13": {
        "start": { "line": 22, "column": 4 },
        "end": { "line": 29, "column": 5 }
      },
      "14": {
        "start": { "line": 23, "column": 6 },
        "end": { "line": 27, "column": 9 }
      },
      "15": {
        "start": { "line": 28, "column": 6 },
        "end": { "line": 28, "column": 13 }
      },
      "16": {
        "start": { "line": 31, "column": 4 },
        "end": { "line": 31, "column": 24 }
      },
      "17": {
        "start": { "line": 33, "column": 4 },
        "end": { "line": 58, "column": 5 }
      },
      "18": {
        "start": { "line": 34, "column": 37 },
        "end": { "line": 34, "column": 56 }
      },
      "19": {
        "start": { "line": 39, "column": 6 },
        "end": { "line": 39, "column": 64 }
      },
      "20": {
        "start": { "line": 39, "column": 37 },
        "end": { "line": 39, "column": 62 }
      },
      "21": {
        "start": { "line": 41, "column": 6 },
        "end": { "line": 41, "column": 27 }
      },
      "22": {
        "start": { "line": 42, "column": 6 },
        "end": { "line": 45, "column": 9 }
      },
      "23": {
        "start": { "line": 47, "column": 6 },
        "end": { "line": 47, "column": 19 }
      },
      "24": {
        "start": { "line": 48, "column": 6 },
        "end": { "line": 48, "column": 21 }
      },
      "25": {
        "start": { "line": 49, "column": 6 },
        "end": { "line": 49, "column": 28 }
      },
      "26": {
        "start": { "line": 51, "column": 6 },
        "end": { "line": 55, "column": 9 }
      },
      "27": {
        "start": { "line": 57, "column": 6 },
        "end": { "line": 57, "column": 27 }
      },
      "28": {
        "start": { "line": 61, "column": 2 },
        "end": { "line": 69, "column": 3 }
      },
      "29": {
        "start": { "line": 62, "column": 4 },
        "end": { "line": 68, "column": 6 }
      },
      "30": {
        "start": { "line": 71, "column": 2 },
        "end": { "line": 115, "column": 4 }
      },
      "31": {
        "start": { "line": 90, "column": 27 },
        "end": { "line": 90, "column": 53 }
      }
    },
    "fnMap": {
      "0": {
        "name": "RatingForm",
        "decl": {
          "start": { "line": 14, "column": 24 },
          "end": { "line": 14, "column": 34 }
        },
        "loc": {
          "start": { "line": 14, "column": 85 },
          "end": { "line": 116, "column": 1 }
        }
      },
      "1": {
        "name": "(anonymous_2)",
        "decl": {
          "start": { "line": 21, "column": 23 },
          "end": { "line": 21, "column": 28 }
        },
        "loc": {
          "start": { "line": 21, "column": 34 },
          "end": { "line": 59, "column": 3 }
        }
      },
      "2": {
        "name": "(anonymous_3)",
        "decl": {
          "start": { "line": 39, "column": 24 },
          "end": { "line": 39, "column": 25 }
        },
        "loc": {
          "start": { "line": 39, "column": 37 },
          "end": { "line": 39, "column": 62 }
        }
      },
      "3": {
        "name": "(anonymous_4)",
        "decl": {
          "start": { "line": 90, "column": 20 },
          "end": { "line": 90, "column": 21 }
        },
        "loc": {
          "start": { "line": 90, "column": 27 },
          "end": { "line": 90, "column": 53 }
        }
      }
    },
    "branchMap": {
      "0": {
        "loc": {
          "start": { "line": 22, "column": 4 },
          "end": { "line": 29, "column": 5 }
        },
        "type": "if",
        "locations": [
          {
            "start": { "line": 22, "column": 4 },
            "end": { "line": 29, "column": 5 }
          },
          { "start": {}, "end": {} }
        ]
      },
      "1": {
        "loc": {
          "start": { "line": 61, "column": 2 },
          "end": { "line": 69, "column": 3 }
        },
        "type": "if",
        "locations": [
          {
            "start": { "line": 61, "column": 2 },
            "end": { "line": 69, "column": 3 }
          },
          { "start": {}, "end": {} }
        ]
      },
      "2": {
        "loc": {
          "start": { "line": 99, "column": 18 },
          "end": { "line": 99, "column": 44 }
        },
        "type": "binary-expr",
        "locations": [
          {
            "start": { "line": 99, "column": 18 },
            "end": { "line": 99, "column": 30 }
          },
          {
            "start": { "line": 99, "column": 34 },
            "end": { "line": 99, "column": 44 }
          }
        ]
      },
      "3": {
        "loc": {
          "start": { "line": 102, "column": 9 },
          "end": { "line": 111, "column": null }
        },
        "type": "cond-expr",
        "locations": [
          {
            "start": { "line": 103, "column": 10 },
            "end": { "line": 105, "column": null }
          },
          {
            "start": { "line": 108, "column": 10 },
            "end": { "line": 110, "column": null }
          }
        ]
      }
    },
    "s": {
      "0": 1,
      "1": 1,
      "2": 1,
      "3": 1,
      "4": 1,
      "5": 1,
      "6": 1,
      "7": 20,
      "8": 20,
      "9": 20,
      "10": 20,
      "11": 20,
      "12": 20,
      "13": 4,
      "14": 0,
      "15": 0,
      "16": 4,
      "17": 4,
      "18": 4,
      "19": 4,
      "20": 4,
      "21": 4,
      "22": 4,
      "23": 4,
      "24": 4,
      "25": 4,
      "26": 0,
      "27": 4,
      "28": 20,
      "29": 0,
      "30": 20,
      "31": 3
    },
    "f": { "0": 20, "1": 4, "2": 4, "3": 3 },
    "b": { "0": [0, 4], "1": [0, 20], "2": [20, 12], "3": [4, 16] }
  },
  "/Users/amadeus/.openclaw/workspace/projects/swift-template-gallery-main/src/components/RatingStars.tsx": {
    "path": "/Users/amadeus/.openclaw/workspace/projects/swift-template-gallery-main/src/components/RatingStars.tsx",
    "statementMap": {
      "0": {
        "start": { "line": 11, "column": 0 },
        "end": { "line": 11, "column": 24 }
      },
      "1": {
        "start": { "line": 1, "column": 0 },
        "end": { "line": 1, "column": 46 }
      },
      "2": {
        "start": { "line": 18, "column": 22 },
        "end": { "line": 22, "column": 4 }
      },
      "3": {
        "start": { "line": 24, "column": 31 },
        "end": { "line": 28, "column": 4 }
      },
      "4": {
        "start": { "line": 30, "column": 2 },
        "end": { "line": 58, "column": 4 }
      },
      "5": {
        "start": { "line": 34, "column": 10 },
        "end": { "line": 35, "column": null }
      },
      "6": {
        "start": { "line": 38, "column": 27 },
        "end": { "line": 38, "column": 64 }
      }
    },
    "fnMap": {
      "0": {
        "name": "RatingStars",
        "decl": {
          "start": { "line": 11, "column": 24 },
          "end": { "line": 11, "column": 35 }
        },
        "loc": {
          "start": { "line": 17, "column": 19 },
          "end": { "line": 59, "column": 1 }
        }
      },
      "1": {
        "name": "(anonymous_1)",
        "decl": {
          "start": { "line": 33, "column": 29 },
          "end": { "line": 33, "column": 30 }
        },
        "loc": {
          "start": { "line": 34, "column": 10 },
          "end": { "line": 35, "column": null }
        }
      },
      "2": {
        "name": "(anonymous_2)",
        "decl": {
          "start": { "line": 38, "column": 21 },
          "end": { "line": 38, "column": 24 }
        },
        "loc": {
          "start": { "line": 38, "column": 27 },
          "end": { "line": 38, "column": 64 }
        }
      }
    },
    "branchMap": {
      "0": {
        "loc": {
          "start": { "line": 12, "column": 2 },
          "end": { "line": 12, "column": 12 }
        },
        "type": "default-arg",
        "locations": [
          {
            "start": { "line": 12, "column": 11 },
            "end": { "line": 12, "column": 12 }
          }
        ]
      },
      "1": {
        "loc": {
          "start": { "line": 13, "column": 2 },
          "end": { "line": 13, "column": 11 }
        },
        "type": "default-arg",
        "locations": [
          {
            "start": { "line": 13, "column": 10 },
            "end": { "line": 13, "column": 11 }
          }
        ]
      },
      "2": {
        "loc": {
          "start": { "line": 14, "column": 2 },
          "end": { "line": 14, "column": 21 }
        },
        "type": "default-arg",
        "locations": [
          {
            "start": { "line": 14, "column": 16 },
            "end": { "line": 14, "column": 21 }
          }
        ]
      },
      "3": {
        "loc": {
          "start": { "line": 16, "column": 2 },
          "end": { "line": 16, "column": 13 }
        },
        "type": "default-arg",
        "locations": [
          {
            "start": { "line": 16, "column": 9 },
            "end": { "line": 16, "column": 13 }
          }
        ]
      },
      "4": {
        "loc": {
          "start": { "line": 38, "column": 27 },
          "end": { "line": 38, "column": 64 }
        },
        "type": "binary-expr",
        "locations": [
          {
            "start": { "line": 38, "column": 27 },
            "end": { "line": 38, "column": 38 }
          },
          {
            "start": { "line": 38, "column": 42 },
            "end": { "line": 38, "column": 64 }
          }
        ]
      },
      "5": {
        "loc": {
          "start": { "line": 42, "column": 13 },
          "end": { "line": 47, "column": null }
        },
        "type": "cond-expr",
        "locations": [
          {
            "start": { "line": 43, "column": 14 },
            "end": { "line": 43, "column": 70 }
          },
          {
            "start": { "line": 44, "column": 16 },
            "end": { "line": 47, "column": null }
          }
        ]
      },
      "6": {
        "loc": {
          "start": { "line": 44, "column": 16 },
          "end": { "line": 47, "column": null }
        },
        "type": "cond-expr",
        "locations": [
          {
            "start": { "line": 45, "column": 14 },
            "end": { "line": 45, "column": 74 }
          },
          {
            "start": { "line": 47, "column": 14 },
            "end": { "line": 47, "column": 22 }
          }
        ]
      },
      "7": {
        "loc": {
          "start": { "line": 52, "column": 7 },
          "end": { "line": 55, "column": null }
        },
        "type": "binary-expr",
        "locations": [
          {
            "start": { "line": 52, "column": 7 },
            "end": { "line": 52, "column": 16 }
          },
          {
            "start": { "line": 53, "column": 8 },
            "end": { "line": 54, "column": null }
          }
        ]
      }
    },
    "s": { "0": 4, "1": 4, "2": 83, "3": 83, "4": 83, "5": 415, "6": 5 },
    "f": { "0": 83, "1": 415, "2": 5 },
    "b": {
      "0": [0],
      "1": [29],
      "2": [60],
      "3": [9],
      "4": [5, 5],
      "5": [120, 295],
      "6": [1, 294],
      "7": [83, 2]
    }
  },
  "/Users/amadeus/.openclaw/workspace/projects/swift-template-gallery-main/src/components/ReviewList.tsx": {
    "path": "/Users/amadeus/.openclaw/workspace/projects/swift-template-gallery-main/src/components/ReviewList.tsx",
    "statementMap": {
      "0": {
        "start": { "line": 45, "column": 0 },
        "end": { "line": 45, "column": 24 }
      },
      "1": {
        "start": { "line": 2, "column": 0 },
        "end": { "line": 2, "column": 44 }
      },
      "2": {
        "start": { "line": 3, "column": 0 },
        "end": { "line": 3, "column": 40 }
      },
      "3": {
        "start": { "line": 13, "column": 15 },
        "end": { "line": 17, "column": 4 }
      },
      "4": {
        "start": { "line": 19, "column": 2 },
        "end": { "line": 30, "column": 4 }
      },
      "5": {
        "start": { "line": 46, "column": 2 },
        "end": { "line": 52, "column": 3 }
      },
      "6": {
        "start": { "line": 47, "column": 4 },
        "end": { "line": 51, "column": 6 }
      },
      "7": {
        "start": { "line": 54, "column": 2 },
        "end": { "line": 69, "column": 4 }
      },
      "8": {
        "start": { "line": 59, "column": 10 },
        "end": { "line": 60, "column": null }
      }
    },
    "fnMap": {
      "0": {
        "name": "ReviewItem",
        "decl": {
          "start": { "line": 12, "column": 9 },
          "end": { "line": 12, "column": 19 }
        },
        "loc": {
          "start": { "line": 12, "column": 77 },
          "end": { "line": 31, "column": 1 }
        }
      },
      "1": {
        "name": "ReviewList",
        "decl": {
          "start": { "line": 45, "column": 24 },
          "end": { "line": 45, "column": 34 }
        },
        "loc": {
          "start": { "line": 45, "column": 63 },
          "end": { "line": 70, "column": 1 }
        }
      },
      "2": {
        "name": "(anonymous_3)",
        "decl": {
          "start": { "line": 58, "column": 21 },
          "end": { "line": 58, "column": 22 }
        },
        "loc": {
          "start": { "line": 59, "column": 10 },
          "end": { "line": 60, "column": null }
        }
      }
    },
    "branchMap": {
      "0": {
        "loc": {
          "start": { "line": 46, "column": 2 },
          "end": { "line": 52, "column": 3 }
        },
        "type": "if",
        "locations": [
          {
            "start": { "line": 46, "column": 2 },
            "end": { "line": 52, "column": 3 }
          },
          { "start": {}, "end": {} }
        ]
      }
    },
    "s": {
      "0": 1,
      "1": 1,
      "2": 1,
      "3": 6,
      "4": 6,
      "5": 6,
      "6": 1,
      "7": 5,
      "8": 6
    },
    "f": { "0": 6, "1": 6, "2": 6 },
    "b": { "0": [1, 5] }
  },
  "/Users/amadeus/.openclaw/workspace/projects/swift-template-gallery-main/src/components/TemplateCard.tsx": {
    "path": "/Users/amadeus/.openclaw/workspace/projects/swift-template-gallery-main/src/components/TemplateCard.tsx",
    "statementMap": {
      "0": {
        "start": { "line": 14, "column": 0 },
        "end": { "line": 14, "column": 24 }
      },
      "1": {
        "start": { "line": 1, "column": 0 },
        "end": { "line": 1, "column": 57 }
      },
      "2": {
        "start": { "line": 2, "column": 0 },
        "end": { "line": 2, "column": 40 }
      },
      "3": {
        "start": { "line": 3, "column": 0 },
        "end": { "line": 3, "column": 46 }
      },
      "4": {
        "start": { "line": 4, "column": 0 },
        "end": { "line": 4, "column": 40 }
      },
      "5": {
        "start": { "line": 20, "column": 2 },
        "end": { "line": 85, "column": 4 }
      },
      "6": {
        "start": { "line": 42, "column": 12 },
        "end": { "line": 43, "column": null }
      },
      "7": {
        "start": { "line": 47, "column": 16 },
        "end": { "line": 47, "column": 36 }
      },
      "8": {
        "start": { "line": 48, "column": 16 },
        "end": { "line": 48, "column": 34 }
      },
      "9": {
        "start": { "line": 60, "column": 14 },
        "end": { "line": 60, "column": 34 }
      },
      "10": {
        "start": { "line": 61, "column": 14 },
        "end": { "line": 61, "column": 24 }
      },
      "11": {
        "start": { "line": 70, "column": 28 },
        "end": { "line": 70, "column": 47 }
      },
      "12": {
        "start": { "line": 77, "column": 28 },
        "end": { "line": 77, "column": 47 }
      }
    },
    "fnMap": {
      "0": {
        "name": "TemplateCard",
        "decl": {
          "start": { "line": 14, "column": 24 },
          "end": { "line": 14, "column": 36 }
        },
        "loc": {
          "start": { "line": 19, "column": 20 },
          "end": { "line": 86, "column": 1 }
        }
      },
      "1": {
        "name": "(anonymous_2)",
        "decl": {
          "start": { "line": 41, "column": 29 },
          "end": { "line": 41, "column": 30 }
        },
        "loc": {
          "start": { "line": 42, "column": 12 },
          "end": { "line": 43, "column": null }
        }
      },
      "2": {
        "name": "(anonymous_3)",
        "decl": {
          "start": { "line": 46, "column": 23 },
          "end": { "line": 46, "column": 24 }
        },
        "loc": {
          "start": { "line": 46, "column": 29 },
          "end": { "line": 49, "column": 15 }
        }
      },
      "3": {
        "name": "(anonymous_4)",
        "decl": {
          "start": { "line": 59, "column": 21 },
          "end": { "line": 59, "column": 22 }
        },
        "loc": {
          "start": { "line": 59, "column": 27 },
          "end": { "line": 62, "column": 13 }
        }
      },
      "4": {
        "name": "(anonymous_5)",
        "decl": {
          "start": { "line": 70, "column": 21 },
          "end": { "line": 70, "column": 22 }
        },
        "loc": {
          "start": { "line": 70, "column": 28 },
          "end": { "line": 70, "column": 47 }
        }
      },
      "5": {
        "name": "(anonymous_6)",
        "decl": {
          "start": { "line": 77, "column": 21 },
[...]
          },
          {
            "start": { "line": 108, "column": 14 },
            "end": { "line": 108, "column": 15 }
          }
        ]
      },
      "5": {
        "loc": {
          "start": { "line": 103, "column": 10 },
          "end": { "line": 103, "column": 51 }
        },
        "type": "binary-expr",
        "locations": [
          {
            "start": { "line": 103, "column": 10 },
            "end": { "line": 103, "column": 26 }
          },
          {
            "start": { "line": 103, "column": 30 },
            "end": { "line": 103, "column": 51 }
          }
        ]
      },
      "6": {
        "loc": {
          "start": { "line": 113, "column": 6 },
          "end": { "line": 118, "column": 7 }
        },
        "type": "if",
        "locations": [
          {
            "start": { "line": 113, "column": 6 },
            "end": { "line": 118, "column": 7 }
          },
          { "start": {}, "end": {} }
        ]
      },
      "7": {
        "loc": {
          "start": { "line": 156, "column": 8 },
          "end": { "line": 156, "column": 29 }
        },
        "type": "if",
        "locations": [
          {
            "start": { "line": 156, "column": 8 },
            "end": { "line": 156, "column": 29 }
          },
          { "start": {}, "end": {} }
        ]
      },
      "8": {
        "loc": {
          "start": { "line": 175, "column": 6 },
          "end": { "line": 177, "column": 7 }
        },
        "type": "if",
        "locations": [
          {
            "start": { "line": 175, "column": 6 },
            "end": { "line": 177, "column": 7 }
          },
          { "start": {}, "end": {} }
        ]
      }
    },
    "s": {
      "0": 1,
      "1": 1,
      "2": 1,
      "3": 1,
      "4": 1,
      "5": 1,
      "6": 0,
      "7": 0,
      "8": 1,
      "9": 1,
      "10": 1,
      "11": 0,
      "12": 0,
      "13": 0,
      "14": 0,
      "15": 0,
      "16": 0,
      "17": 1,
      "18": 0,
      "19": 0,
      "20": 0,
      "21": 0,
      "22": 0,
      "23": 0,
      "24": 0,
      "25": 0,
      "26": 0,
      "27": 0,
      "28": 0,
      "29": 0,
      "30": 0,
      "31": 0,
      "32": 0,
      "33": 1,
      "34": 1,
      "35": 1,
      "36": 0,
      "37": 0,
      "38": 0,
      "39": 0,
      "40": 0,
      "41": 0,
      "42": 0,
      "43": 0,
      "44": 0,
      "45": 0,
      "46": 0,
      "47": 0,
      "48": 19,
      "49": 19,
      "50": 12,
      "51": 12,
      "52": 12,
      "53": 12,
      "54": 12,
      "55": 19,
      "56": 0
    },
    "f": {
      "0": 0,
      "1": 0,
      "2": 0,
      "3": 0,
      "4": 0,
      "5": 0,
      "6": 0,
      "7": 0,
      "8": 0,
      "9": 0,
      "10": 0,
      "11": 0,
      "12": 0,
      "13": 0,
      "14": 19,
      "15": 12,
      "16": 12,
      "17": 0
    },
    "b": {
      "0": [0, 0],
      "1": [0, 0, 0, 0],
      "2": [0, 0],
      "3": [0, 0],
      "4": [0, 0],
      "5": [0, 0],
      "6": [0, 0],
      "7": [0, 0],
      "8": [12, 0]
    }
  },
  "/Users/amadeus/.openclaw/workspace/projects/swift-template-gallery-main/src/lib/reviews.ts": {
    "path": "/Users/amadeus/.openclaw/workspace/projects/swift-template-gallery-main/src/lib/reviews.ts",
    "statementMap": {
      "0": {
        "start": { "line": 4, "column": 38 },
        "end": { "line": 23, "column": 2 }
      },
      "1": {
        "start": { "line": 26, "column": 22 },
        "end": { "line": 26, "column": 36 }
      },
      "2": {
        "start": { "line": 28, "column": 13 },
        "end": { "line": 70, "column": 2 }
      },
      "3": {
        "start": { "line": 32, "column": 4 },
        "end": { "line": 32, "column": 66 }
      },
      "4": {
        "start": { "line": 32, "column": 37 },
        "end": { "line": 32, "column": 64 }
      },
      "5": {
        "start": { "line": 37, "column": 20 },
        "end": { "line": 37, "column": 67 }
      },
      "6": {
        "start": { "line": 38, "column": 4 },
        "end": { "line": 40, "column": 5 }
      },
      "7": {
        "start": { "line": 39, "column": 6 },
        "end": { "line": 39, "column": 38 }
      },
      "8": {
        "start": { "line": 41, "column": 16 },
        "end": { "line": 41, "column": 61 }
      },
      "9": {
        "start": { "line": 41, "column": 43 },
        "end": { "line": 41, "column": 57 }
      },
      "10": {
        "start": { "line": 42, "column": 4 },
        "end": { "line": 45, "column": 6 }
      },
      "11": {
        "start": { "line": 50, "column": 38 },
        "end": { "line": 58, "column": 6 }
      },
      "12": {
        "start": { "line": 61, "column": 4 },
        "end": { "line": 61, "column": 32 }
      },
      "13": {
        "start": { "line": 62, "column": 4 },
        "end": { "line": 62, "column": 21 }
      },
      "14": {
        "start": { "line": 67, "column": 20 },
        "end": { "line": 67, "column": 67 }
      },
      "15": {
        "start": { "line": 68, "column": 4 },
        "end": { "line": 68, "column": 59 }
      },
      "16": {
        "start": { "line": 68, "column": 31 },
        "end": { "line": 68, "column": 57 }
      }
    },
    "fnMap": {
      "0": {
        "name": "(anonymous_0)",
        "decl": {
          "start": { "line": 30, "column": 22 },
          "end": { "line": 30, "column": 27 }
        },
        "loc": {
          "start": { "line": 30, "column": 78 },
          "end": { "line": 33, "column": 3 }
        }
      },
      "1": {
        "name": "(anonymous_1)",
        "decl": {
          "start": { "line": 32, "column": 30 },
          "end": { "line": 32, "column": 31 }
        },
        "loc": {
          "start": { "line": 32, "column": 37 },
          "end": { "line": 32, "column": 64 }
        }
      },
      "2": {
        "name": "(anonymous_2)",
        "decl": {
          "start": { "line": 36, "column": 21 },
          "end": { "line": 36, "column": 26 }
        },
        "loc": {
          "start": { "line": 36, "column": 95 },
          "end": { "line": 46, "column": 3 }
        }
      },
      "3": {
        "name": "(anonymous_3)",
        "decl": {
          "start": { "line": 41, "column": 31 },
          "end": { "line": 41, "column": 32 }
        },
        "loc": {
          "start": { "line": 41, "column": 43 },
          "end": { "line": 41, "column": 57 }
        }
      },
      "4": {
        "name": "(anonymous_4)",
        "decl": {
          "start": { "line": 49, "column": 13 },
          "end": { "line": 49, "column": 18 }
        },
        "loc": {
          "start": { "line": 49, "column": 87 },
          "end": { "line": 63, "column": 3 }
        }
      },
      "5": {
        "name": "(anonymous_5)",
        "decl": {
          "start": { "line": 66, "column": 19 },
          "end": { "line": 66, "column": 24 }
        },
        "loc": {
          "start": { "line": 66, "column": 66 },
          "end": { "line": 69, "column": 3 }
        }
      },
      "6": {
        "name": "(anonymous_6)",
        "decl": {
          "start": { "line": 68, "column": 24 },
          "end": { "line": 68, "column": 25 }
        },
        "loc": {
          "start": { "line": 68, "column": 31 },
          "end": { "line": 68, "column": 57 }
        }
      }
    },
    "branchMap": {
      "0": {
        "loc": {
          "start": { "line": 38, "column": 4 },
          "end": { "line": 40, "column": 5 }
        },
        "type": "if",
        "locations": [
          {
            "start": { "line": 38, "column": 4 },
            "end": { "line": 40, "column": 5 }
          },
          { "start": {}, "end": {} }
        ]
      }
    },
    "s": {
      "0": 0,
      "1": 0,
      "2": 0,
      "3": 0,
      "4": 0,
      "5": 0,
      "6": 0,
      "7": 0,
      "8": 0,
      "9": 0,
      "10": 0,
      "11": 0,
      "12": 0,
      "13": 0,
      "14": 0,
      "15": 0,
      "16": 0
    },
    "f": { "0": 0, "1": 0, "2": 0, "3": 0, "4": 0, "5": 0, "6": 0 },
    "b": { "0": [0, 0] }
  },
  "/Users/amadeus/.openclaw/workspace/projects/swift-template-gallery-main/src/lib/utils.ts": {
    "path": "/Users/amadeus/.openclaw/workspace/projects/swift-template-gallery-main/src/lib/utils.ts",
    "statementMap": {
      "0": {
        "start": { "line": 5, "column": 0 },
        "end": { "line": 5, "column": 16 }
      },
      "1": {
        "start": { "line": 1, "column": 0 },
        "end": { "line": 1, "column": 45 }
      },
      "2": {
        "start": { "line": 2, "column": 0 },
        "end": { "line": 2, "column": 41 }
      },
      "3": {
        "start": { "line": 3, "column": 0 },
        "end": { "line": 3, "column": 66 }
      },
      "4": {
        "start": { "line": 6, "column": 2 },
        "end": { "line": 6, "column": 31 }
      },
      "5": {
        "start": { "line": 9, "column": 13 },
        "end": { "line": 36, "column": 2 }
      }
    },
    "fnMap": {
      "0": {
        "name": "cn",
        "decl": {
          "start": { "line": 5, "column": 16 },
          "end": { "line": 5, "column": 18 }
        },
        "loc": {
          "start": { "line": 5, "column": 42 },
          "end": { "line": 7, "column": 1 }
        }
      }
    },
    "branchMap": {},
    "s": { "0": 12, "1": 12, "2": 12, "3": 12, "4": 689, "5": 12 },
    "f": { "0": 689 },
    "b": {}
  },
  "/Users/amadeus/.openclaw/workspace/projects/swift-template-gallery-main/src/pages/Index.tsx": {
    "path": "/Users/amadeus/.openclaw/workspace/projects/swift-template-gallery-main/src/pages/Index.tsx",
    "statementMap": {
      "0": {
        "start": { "line": 1, "column": 0 },
        "end": { "line": 1, "column": 41 }
      },
      "1": {
        "start": { "line": 2, "column": 0 },
        "end": { "line": 2, "column": 37 }
      },
      "2": {
        "start": { "line": 3, "column": 0 },
        "end": { "line": 3, "column": 43 }
      },
      "3": {
        "start": { "line": 4, "column": 0 },
        "end": { "line": 4, "column": 43 }
      },
      "4": {
        "start": { "line": 5, "column": 0 },
        "end": { "line": 5, "column": 43 }
      },
      "5": {
        "start": { "line": 6, "column": 0 },
        "end": { "line": 6, "column": 41 }
      },
      "6": {
        "start": { "line": 8, "column": 14 },
        "end": { "line": 19, "column": 1 }
      },
      "7": {
        "start": { "line": 9, "column": 2 },
        "end": { "line": 18, "column": 4 }
      },
      "8": {
        "start": { "line": 21, "column": 0 },
        "end": { "line": 21, "column": 21 }
      }
    },
    "fnMap": {
      "0": {
        "name": "(anonymous_1)",
        "decl": {
          "start": { "line": 8, "column": 14 },
          "end": { "line": 8, "column": 17 }
        },
        "loc": {
          "start": { "line": 8, "column": 19 },
          "end": { "line": 19, "column": 1 }
        }
      }
    },
    "branchMap": {},
    "s": {
      "0": 1,
      "1": 1,
      "2": 1,
      "3": 1,
      "4": 1,
      "5": 1,
      "6": 1,
      "7": 6,
      "8": 1
    },
    "f": { "0": 6 },
    "b": {}
  },
  "/Users/amadeus/.openclaw/workspace/projects/swift-template-gallery-main/src/pages/NotFound.tsx": {
    "path": "/Users/amadeus/.openclaw/workspace/projects/swift-template-gallery-main/src/pages/NotFound.tsx",
    "statementMap": {
      "0": {
        "start": { "line": 1, "column": 0 },
        "end": { "line": 1, "column": 47 }
      },
      "1": {
        "start": { "line": 2, "column": 0 },
        "end": { "line": 2, "column": 34 }
      },
      "2": {
        "start": { "line": 4, "column": 17 },
        "end": { "line": 22, "column": 1 }
      },
      "3": {
        "start": { "line": 5, "column": 19 },
        "end": { "line": 5, "column": 32 }
      },
      "4": {
        "start": { "line": 7, "column": 2 },
        "end": { "line": 9, "column": 26 }
      },
      "5": {
        "start": { "line": 8, "column": 4 },
        "end": { "line": 8, "column": 96 }
      },
      "6": {
        "start": { "line": 11, "column": 2 },
        "end": { "line": 21, "column": 4 }
      },
      "7": {
        "start": { "line": 24, "column": 0 },
        "end": { "line": 24, "column": 24 }
      }
    },
    "fnMap": {
      "0": {
        "name": "(anonymous_0)",
        "decl": {
          "start": { "line": 4, "column": 17 },
          "end": { "line": 4, "column": 20 }
        },
        "loc": {
          "start": { "line": 4, "column": 22 },
          "end": { "line": 22, "column": 1 }
        }
      },
      "1": {
        "name": "(anonymous_1)",
        "decl": {
          "start": { "line": 7, "column": 12 },
          "end": { "line": 7, "column": 15 }
        },
        "loc": {
          "start": { "line": 7, "column": 17 },
          "end": { "line": 9, "column": 3 }
        }
      }
    },
    "branchMap": {},
    "s": { "0": 1, "1": 1, "2": 1, "3": 6, "4": 6, "5": 6, "6": 6, "7": 1 },
    "f": { "0": 6, "1": 6 },
    "b": {}
  },
  "/Users/amadeus/.openclaw/workspace/projects/swift-template-gallery-main/src/pages/TemplateDetail.tsx": {
    "path": "/Users/amadeus/.openclaw/workspace/projects/swift-template-gallery-main/src/pages/TemplateDetail.tsx",
    "statementMap": {
      "0": {
        "start": { "line": 13, "column": 0 },
        "end": { "line": 13, "column": 24 }
      },
      "1": {
        "start": { "line": 1, "column": 0 },
        "end": { "line": 1, "column": 33 }
      },
      "2": {
        "start": { "line": 2, "column": 0 },
        "end": { "line": 2, "column": 51 }
      },
      "3": {
        "start": { "line": 3, "column": 0 },
        "end": { "line": 3, "column": 46 }
      },
      "4": {
        "start": { "line": 4, "column": 0 },
        "end": { "line": 4, "column": 46 }
      },
      "5": {
        "start": { "line": 5, "column": 0 },
        "end": { "line": 5, "column": 48 }
      },
      "6": {
        "start": { "line": 6, "column": 0 },
        "end": { "line": 6, "column": 54 }
      },
      "7": {
        "start": { "line": 7, "column": 0 },
        "end": { "line": 7, "column": 53 }
      },
      "8": {
        "start": { "line": 8, "column": 0 },
        "end": { "line": 8, "column": 49 }
      },
      "9": {
        "start": { "line": 11, "column": 18 },
        "end": { "line": 11, "column": 45 }
      },
      "10": {
        "start": { "line": 14, "column": 17 },
        "end": { "line": 14, "column": 44 }
      },
      "11": {
        "start": { "line": 15, "column": 40 },
        "end": { "line": 15, "column": 55 }
      },
      "12": {
        "start": { "line": 17, "column": 19 },
        "end": { "line": 17, "column": 53 }
      },
      "13": {
        "start": { "line": 17, "column": 41 },
        "end": { "line": 17, "column": 52 }
      },
      "14": {
        "start": { "line": 19, "column": 2 },
        "end": { "line": 33, "column": 3 }
      },
      "15": {
        "start": { "line": 20, "column": 4 },
        "end": { "line": 32, "column": 6 }
      },
      "16": {
        "start": { "line": 35, "column": 20 },
        "end": { "line": 39, "column": 4 }
      },
      "17": {
        "start": { "line": 41, "column": 2 },
        "end": { "line": 111, "column": 4 }
      },
      "18": {
        "start": { "line": 72, "column": 14 },
        "end": { "line": 72, "column": 31 }
      },
      "19": {
        "start": { "line": 90, "column": 16 },
        "end": { "line": 90, "column": 33 }
      },
      "20": {
        "start": { "line": 97, "column": 33 },
        "end": { "line": 97, "column": 53 }
      },
      "21": {
        "start": { "line": 107, "column": 25 },
        "end": { "line": 107, "column": 46 }
      }
    },
    "fnMap": {
      "0": {
        "name": "TemplateDetail",
        "decl": {
          "start": { "line": 13, "column": 24 },
          "end": { "line": 13, "column": 38 }
        },
        "loc": {
          "start": { "line": 13, "column": 38 },
          "end": { "line": 112, "column": 1 }
        }
      },
      "1": {
        "name": "(anonymous_2)",
        "decl": {
          "start": { "line": 17, "column": 34 },
          "end": { "line": 17, "column": 35 }
        },
        "loc": {
          "start": { "line": 17, "column": 41 },
          "end": { "line": 17, "column": 52 }
        }
      },
      "2": {
        "name": "(anonymous_3)",
        "decl": {
          "start": { "line": 71, "column": 27 },
          "end": { "line": 71, "column": 28 }
        },
        "loc": {
          "start": { "line": 72, "column": 14 },
          "end": { "line": 72, "column": 31 }
        }
      },
      "3": {
        "name": "(anonymous_4)",
        "decl": {
          "start": { "line": 89, "column": 33 },
          "end": { "line": 89, "column": 34 }
        },
        "loc": {
          "start": { "line": 90, "column": 16 },
          "end": { "line": 90, "column": 33 }
        }
      },
      "4": {
        "name": "(anonymous_5)",
        "decl": {
          "start": { "line": 97, "column": 27 },
          "end": { "line": 97, "column": 30 }
        },
        "loc": {
          "start": { "line": 97, "column": 33 },
          "end": { "line": 97, "column": 53 }
        }
      },
      "5": {
        "name": "(anonymous_6)",
        "decl": {
          "start": { "line": 107, "column": 19 },
          "end": { "line": 107, "column": 22 }
        },
        "loc": {
          "start": { "line": 107, "column": 25 },
          "end": { "line": 107, "column": 46 }
        }
      }
    },
    "branchMap": {
      "0": {
        "loc": {
          "start": { "line": 19, "column": 2 },
          "end": { "line": 33, "column": 3 }
        },
        "type": "if",
        "locations": [
          {
            "start": { "line": 19, "column": 2 },
            "end": { "line": 33, "column": 3 }
          },
          { "start": {}, "end": {} }
        ]
      },
      "1": {
        "loc": {
          "start": { "line": 104, "column": 7 },
          "end": { "line": 108, "column": null }
        },
        "type": "binary-expr",
        "locations": [
          {
            "start": { "line": 104, "column": 7 },
            "end": { "line": 104, "column": 18 }
          },
          {
            "start": { "line": 105, "column": 8 },
            "end": { "line": 107, "column": null }
          }
        ]
      }
    },
    "s": {
      "0": 1,
      "1": 1,
      "2": 1,
      "3": 1,
      "4": 1,
      "5": 1,
      "6": 1,
      "7": 1,
      "8": 1,
      "9": 1,
      "10": 10,
      "11": 10,
      "12": 10,
      "13": 12,
      "14": 10,
      "15": 1,
      "16": 9,
      "17": 9,
      "18": 27,
      "19": 36,
      "20": 1,
      "21": 0
    },
    "f": { "0": 10, "1": 12, "2": 27, "3": 36, "4": 1, "5": 0 },
    "b": { "0": [1, 9], "1": [9, 1] }
  },
  "/Users/amadeus/.openclaw/workspace/projects/swift-template-gallery-main/src/providers/theme-provider.tsx": {
    "path": "/Users/amadeus/.openclaw/workspace/projects/swift-template-gallery-main/src/providers/theme-provider.tsx",
    "statementMap": {
      "0": {
        "start": { "line": 7, "column": 0 },
        "end": { "line": 7, "column": 16 }
      },
      "1": {
        "start": { "line": 3, "column": 0 },
        "end": { "line": 3, "column": 31 }
      },
      "2": {
        "start": { "line": 4, "column": 0 },
        "end": { "line": 4, "column": 66 }
      },
      "3": {
        "start": { "line": 8, "column": 2 },
        "end": { "line": 8, "column": 72 }
      }
    },
    "fnMap": {
      "0": {
        "name": "ThemeProvider",
        "decl": {
          "start": { "line": 7, "column": 16 },
          "end": { "line": 7, "column": 29 }
        },
        "loc": {
          "start": { "line": 7, "column": 72 },
          "end": { "line": 9, "column": 1 }
        }
      }
    },
    "branchMap": {},
    "s": { "0": 0, "1": 0, "2": 0, "3": 0 },
    "f": { "0": 0 },
    "b": {}
  }
}
