TN:
SF:src/App.tsx
FN:13,(anonymous_1)
FNF:1
FNH:0
FNDA:0,(anonymous_1)
DA:1,0
DA:2,0
DA:3,0
DA:4,0
DA:5,0
DA:6,0
DA:7,0
DA:8,0
DA:9,0
DA:11,0
DA:13,0
DA:14,0
DA:36,0
LF:13
LH:0
BRF:0
BRH:0
end_of_record
TN:
SF:src/components/Contact.tsx
FN:9,(anonymous_0)
FN:19,(anonymous_1)
FN:20,(anonymous_2)
FN:24,(anonymous_3)
FN:31,(anonymous_4)
FN:35,(anonymous_5)
FN:71,(anonymous_6)
FN:83,(anonymous_7)
FN:95,(anonymous_8)
FN:105,(anonymous_9)
FN:116,(anonymous_10)
FNF:11
FNH:3
FNDA:13,(anonymous_0)
FNDA:13,(anonymous_1)
FNDA:0,(anonymous_2)
FNDA:0,(anonymous_3)
FNDA:13,(anonymous_4)
FNDA:0,(anonymous_5)
FNDA:0,(anonymous_6)
FNDA:0,(anonymous_7)
FNDA:0,(anonymous_8)
FNDA:0,(anonymous_9)
FNDA:0,(anonymous_10)
DA:1,2
DA:2,2
DA:3,2
DA:4,2
DA:5,2
DA:6,2
DA:7,2
DA:9,2
DA:10,13
DA:19,13
DA:20,13
DA:21,0
DA:22,0
DA:24,0
DA:30,13
DA:31,13
DA:35,13
DA:36,0
DA:38,0
DA:39,0
DA:40,0
DA:43,0
DA:44,0
DA:53,13
DA:71,0
DA:83,0
DA:95,0
DA:105,0
DA:116,0
DA:161,2
LF:30
LH:16
BRDA:38,0,0,0
BRDA:38,0,1,0
BRDA:38,1,0,0
BRDA:38,1,1,0
BRF:4
BRH:0
end_of_record
TN:
SF:src/components/Footer.tsx
FN:1,(anonymous_0)
FNF:1
FNH:1
FNDA:10,(anonymous_0)
DA:1,2
DA:2,10
DA:23,2
LF:3
LH:3
BRF:0
BRH:0
end_of_record
TN:
SF:src/components/Gallery.tsx
FN:11,(anonymous_1)
FN:13,(anonymous_2)
FN:15,(anonymous_3)
FN:16,(anonymous_4)
FN:18,Gallery
FN:31,(anonymous_6)
FN:33,(anonymous_7)
FN:36,(anonymous_8)
FN:65,(anonymous_9)
FN:77,(anonymous_10)
FN:78,(anonymous_11)
FN:81,(anonymous_12)
FN:98,(anonymous_13)
FN:124,(anonymous_14)
FN:128,(anonymous_15)
FNF:15
FNH:12
FNDA:3,(anonymous_1)
FNDA:3,(anonymous_2)
FNDA:3,(anonymous_3)
FNDA:3,(anonymous_4)
FNDA:19,Gallery
FNDA:19,(anonymous_6)
FNDA:57,(anonymous_7)
FNDA:9,(anonymous_8)
FNDA:0,(anonymous_9)
FNDA:4,(anonymous_10)
FNDA:4,(anonymous_11)
FNDA:1,(anonymous_12)
FNDA:0,(anonymous_13)
FNDA:45,(anonymous_14)
FNDA:0,(anonymous_15)
DA:1,1
DA:2,1
DA:3,1
DA:4,1
DA:5,1
DA:6,1
DA:9,1
DA:11,3
DA:12,1
DA:13,3
DA:15,3
DA:16,3
DA:18,1
DA:19,19
DA:20,19
DA:23,19
DA:31,19
DA:32,19
DA:33,19
DA:35,57
DA:36,9
DA:38,57
DA:41,57
DA:43,57
DA:44,57
DA:47,57
DA:56,0
DA:61,0
DA:65,19
DA:66,0
DA:67,0
DA:72,0
DA:74,0
DA:77,19
DA:78,4
DA:81,1
DA:86,19
DA:98,0
DA:125,45
DA:128,0
LF:40
LH:32
BRDA:35,0,0,57
BRDA:35,0,1,9
BRDA:38,1,0,57
BRDA:38,1,1,0
BRDA:41,2,0,57
BRDA:41,2,1,0
BRDA:43,3,0,57
BRDA:43,3,1,0
BRDA:48,4,0,57
BRDA:48,4,1,52
BRDA:48,4,2,52
BRDA:48,4,3,52
BRDA:48,4,4,52
BRDA:66,5,0,0
BRDA:66,5,1,0
BRDA:80,6,0,1
BRDA:80,6,1,3
BRDA:95,7,0,19
BRDA:95,7,1,0
BRDA:114,8,0,1
BRDA:114,8,1,18
BRF:21
BRH:15
end_of_record
TN:
SF:src/components/GalleryFilters.tsx
FN:33,GalleryFilters
FN:52,(anonymous_1)
FN:56,(anonymous_2)
FN:60,(anonymous_3)
FN:61,(anonymous_4)
FN:64,(anonymous_5)
FN:67,(anonymous_6)
FN:71,(anonymous_7)
FN:72,(anonymous_8)
FN:75,(anonymous_9)
FN:76,(anonymous_10)
FN:133,(anonymous_11)
FN:138,(anonymous_12)
FN:169,(anonymous_13)
FN:174,(anonymous_14)
FN:205,(anonymous_15)
FN:210,(anonymous_16)
FN:241,(anonymous_17)
FN:246,(anonymous_18)
FN:297,(anonymous_19)
FN:302,(anonymous_20)
FN:308,(anonymous_21)
FN:313,(anonymous_22)
FN:319,(anonymous_23)
FN:324,(anonymous_24)
FN:330,(anonymous_25)
FN:335,(anonymous_26)
FNF:27
FNH:14
FNDA:33,GalleryFilters
FNDA:1,(anonymous_1)
FNDA:4,(anonymous_2)
FNDA:0,(anonymous_3)
FNDA:0,(anonymous_4)
FNDA:1,(anonymous_5)
FNDA:2,(anonymous_6)
FNDA:0,(anonymous_7)
FNDA:0,(anonymous_8)
FNDA:0,(anonymous_9)
FNDA:0,(anonymous_10)
FNDA:0,(anonymous_11)
FNDA:94,(anonymous_12)
FNDA:0,(anonymous_13)
FNDA:127,(anonymous_14)
FNDA:0,(anonymous_15)
FNDA:127,(anonymous_16)
FNDA:0,(anonymous_17)
FNDA:222,(anonymous_18)
FNDA:4,(anonymous_19)
FNDA:1,(anonymous_20)
FNDA:2,(anonymous_21)
FNDA:0,(anonymous_22)
FNDA:1,(anonymous_23)
FNDA:0,(anonymous_24)
FNDA:4,(anonymous_25)
FNDA:0,(anonymous_26)
DA:1,2
DA:2,2
DA:3,2
DA:4,2
DA:5,2
DA:6,2
DA:7,2
DA:14,2
DA:33,2
DA:43,33
DA:46,33
DA:50,33
DA:52,33
DA:53,1
DA:56,33
DA:57,4
DA:60,33
DA:61,0
DA:64,33
DA:65,1
DA:67,2
DA:71,33
DA:72,0
DA:75,33
DA:76,0
DA:79,33
DA:134,0
DA:139,94
DA:170,0
DA:175,127
DA:206,0
DA:211,127
DA:242,0
DA:247,222
DA:298,4
DA:302,1
DA:309,2
DA:313,0
DA:320,1
DA:324,0
DA:331,4
DA:335,0
LF:42
LH:32
BRDA:50,0,0,33
BRDA:50,0,1,24
BRDA:99,1,0,33
BRDA:99,1,1,9
BRDA:120,2,0,33
BRDA:120,2,1,3
BRDA:156,3,0,33
BRDA:156,3,1,2
BRDA:192,4,0,33
BRDA:192,4,1,1
BRDA:228,5,0,33
BRDA:228,5,1,4
BRDA:261,6,0,33
BRDA:261,6,1,9
BRDA:277,7,0,33
BRDA:277,7,1,15
BRDA:291,8,0,33
BRDA:291,8,1,30
BRDA:291,8,2,29
BRDA:291,8,3,28
BRDA:291,8,4,9
BRDA:346,9,0,15
BRDA:346,9,1,18
BRF:23
BRH:23
end_of_record
TN:
SF:src/components/Header.tsx
FN:4,(anonymous_0)
FN:5,(anonymous_1)
FN:19,(anonymous_2)
FN:25,(anonymous_3)
FN:31,(anonymous_4)
FN:41,(anonymous_5)
FN:49,(anonymous_6)
FNF:7
FNH:1
FNDA:12,(anonymous_0)
FNDA:0,(anonymous_1)
FNDA:0,(anonymous_2)
FNDA:0,(anonymous_3)
FNDA:0,(anonymous_4)
FNDA:0,(anonymous_5)
FNDA:0,(anonymous_6)
DA:1,2
DA:2,2
DA:4,2
DA:5,12
DA:6,0
DA:7,0
DA:8,0
DA:12,12
DA:19,0
DA:25,0
DA:31,0
DA:41,0
DA:49,0
DA:58,2
LF:14
LH:6
BRDA:7,0,0,0
BRDA:7,0,1,0
BRF:2
BRH:0
end_of_record
TN:
SF:src/components/Hero.tsx
FN:3,(anonymous_0)
FN:4,(anonymous_1)
FNF:2
FNH:1
FNDA:10,(anonymous_0)
FNDA:0,(anonymous_1)
DA:1,2
DA:3,2
DA:4,10
DA:5,0
DA:6,0
DA:7,0
DA:11,10
DA:32,2
LF:8
LH:5
BRDA:6,0,0,0
BRDA:6,0,1,0
BRF:2
BRH:0
end_of_record
TN:
SF:src/components/NavLink.tsx
FN:12,(anonymous_0)
FN:17,(anonymous_1)
FNF:2
FNH:2
FNDA:21,(anonymous_0)
FNDA:21,(anonymous_1)
DA:1,1
DA:2,1
DA:3,1
DA:11,1
DA:13,21
DA:18,21
DA:30,1
DA:32,1
LF:8
LH:8
BRDA:20,0,0,21
BRDA:20,0,1,12
BRDA:21,1,0,21
BRDA:21,1,1,0
BRF:4
BRH:3
end_of_record
TN:
SF:src/components/PreviewModal.tsx
FN:19,(anonymous_0)
FNF:1
FNH:1
FNDA:20,(anonymous_0)
DA:1,3
DA:19,3
DA:20,20
DA:22,17
DA:42,3
LF:5
LH:5
BRDA:20,0,0,3
BRDA:20,0,1,17
BRF:2
BRH:2
end_of_record
TN:
SF:src/components/Pricing.tsx
FN:3,(anonymous_0)
FN:4,(anonymous_1)
FNF:2
FNH:1
FNDA:12,(anonymous_0)
FNDA:0,(anonymous_1)
DA:1,2
DA:3,2
DA:4,12
DA:5,0
DA:6,0
DA:7,0
DA:11,12
DA:65,2
LF:8
LH:5
BRDA:6,0,0,0
BRDA:6,0,1,0
BRF:2
BRH:0
end_of_record
TN:
SF:src/components/RatingForm.tsx
FN:14,RatingForm
FN:21,(anonymous_2)
FN:39,(anonymous_3)
FN:90,(anonymous_4)
FNF:4
FNH:4
FNDA:20,RatingForm
FNDA:4,(anonymous_2)
FNDA:4,(anonymous_3)
FNDA:3,(anonymous_4)
DA:1,1
DA:2,1
DA:3,1
DA:4,1
DA:5,1
DA:6,1
DA:14,1
DA:15,20
DA:16,20
DA:17,20
DA:18,20
DA:19,20
DA:21,20
DA:22,4
DA:23,0
DA:28,0
DA:31,4
DA:33,4
DA:34,4
DA:39,4
DA:41,4
DA:42,4
DA:47,4
DA:48,4
DA:49,4
DA:51,0
DA:57,4
DA:61,20
DA:62,0
DA:71,20
DA:90,3
LF:31
LH:27
BRDA:22,0,0,0
BRDA:22,0,1,4
BRDA:61,1,0,0
BRDA:61,1,1,20
BRDA:99,2,0,20
BRDA:99,2,1,12
BRDA:102,3,0,4
BRDA:102,3,1,16
BRF:8
BRH:6
end_of_record
TN:
SF:src/components/RatingStars.tsx
FN:11,RatingStars
FN:33,(anonymous_1)
FN:38,(anonymous_2)
FNF:3
FNH:3
FNDA:83,RatingStars
FNDA:415,(anonymous_1)
FNDA:5,(anonymous_2)
DA:1,4
DA:11,4
DA:18,83
DA:24,83
DA:30,83
DA:34,415
DA:38,5
LF:7
LH:7
BRDA:12,0,0,0
BRDA:13,1,0,29
BRDA:14,2,0,60
BRDA:16,3,0,9
BRDA:38,4,0,5
BRDA:38,4,1,5
BRDA:42,5,0,120
BRDA:42,5,1,295
BRDA:44,6,0,1
BRDA:44,6,1,294
BRDA:52,7,0,83
BRDA:52,7,1,2
BRF:12
BRH:11
end_of_record
TN:
SF:src/components/ReviewList.tsx
FN:12,ReviewItem
FN:45,ReviewList
FN:58,(anonymous_3)
FNF:3
FNH:3
FNDA:6,ReviewItem
FNDA:6,ReviewList
FNDA:6,(anonymous_3)
DA:2,1
DA:3,1
DA:13,6
DA:19,6
DA:45,1
DA:46,6
DA:47,1
DA:54,5
DA:59,6
LF:9
LH:9
BRDA:46,0,0,1
BRDA:46,0,1,5
BRF:2
BRH:2
end_of_record
TN:
SF:src/components/TemplateCard.tsx
FN:14,TemplateCard
FN:41,(anonymous_2)
FN:46,(anonymous_3)
FN:59,(anonymous_4)
FN:70,(anonymous_5)
FN:77,(anonymous_6)
FNF:6
FNH:3
FNDA:45,TemplateCard
FNDA:135,(anonymous_2)
FNDA:4,(anonymous_3)
FNDA:0,(anonymous_4)
FNDA:0,(anonymous_5)
FNDA:0,(anonymous_6)
DA:1,1
DA:2,1
DA:3,1
DA:4,1
DA:14,1
DA:20,45
DA:42,135
DA:47,4
DA:48,4
DA:60,0
DA:61,0
DA:70,0
DA:77,0
LF:13
LH:9
BRDA:18,0,0,0
BRDA:37,1,0,45
BRDA:37,1,1,45
BRDA:37,2,0,45
BRDA:37,2,1,45
BRDA:44,3,0,4
BRDA:44,3,1,131
BRF:7
BRH:6
end_of_record
TN:
SF:src/components/theme-toggle.tsx
FN:7,ThemeToggle
FN:11,(anonymous_1)
FN:19,(anonymous_2)
FN:55,(anonymous_3)
FNF:4
FNH:4
FNDA:41,ThemeToggle
FNDA:18,(anonymous_1)
FNDA:41,(anonymous_2)
FNDA:5,(anonymous_3)
DA:3,3
DA:4,3
DA:5,3
DA:7,3
DA:8,41
DA:9,41
DA:11,41
DA:12,18
DA:13,18
DA:14,18
DA:15,11
DA:19,41
DA:20,41
DA:22,23
DA:23,23
DA:25,23
DA:26,18
DA:30,18
DA:32,5
DA:35,23
DA:38,41
DA:39,18
DA:47,23
DA:51,23
DA:55,5
LF:25
LH:25
BRDA:14,0,0,11
BRDA:14,0,1,7
BRDA:20,1,0,18
BRDA:20,1,1,23
BRDA:25,2,0,18
BRDA:25,2,1,5
BRDA:26,3,0,6
BRDA:26,3,1,12
BRDA:38,4,0,18
BRDA:38,4,1,23
BRDA:47,5,0,18
BRDA:47,5,1,5
BRDA:55,6,0,3
BRDA:55,6,1,2
BRDA:58,7,0,8
BRDA:58,7,1,15
BRF:16
BRH:16
end_of_record
TN:
SF:src/components/ui/accordion.tsx
FN:12,(anonymous_9)
FN:20,(anonymous_10)
FN:40,(anonymous_11)
FNF:3
FNH:0
FNDA:0,(anonymous_9)
FNDA:0,(anonymous_10)
FNDA:0,(anonymous_11)
DA:1,2
DA:2,2
DA:3,2
DA:5,2
DA:7,2
DA:9,2
DA:13,0
DA:15,2
DA:17,2
DA:21,0
DA:35,2
DA:37,2
DA:41,0
DA:50,2
DA:52,2
LF:15
LH:12
BRF:0
BRH:0
end_of_record
TN:
SF:src/components/ui/alert-dialog.tsx
FN:16,(anonymous_9)
FN:31,(anonymous_10)
FN:46,(anonymous_11)
FN:51,(anonymous_12)
FN:59,(anonymous_13)
FN:67,(anonymous_14)
FN:75,(anonymous_15)
FN:83,(anonymous_16)
FNF:8
FNH:0
FNDA:0,(anonymous_9)
FNDA:0,(anonymous_10)
FNDA:0,(anonymous_11)
FNDA:0,(anonymous_12)
FNDA:0,(anonymous_13)
FNDA:0,(anonymous_14)
FNDA:0,(anonymous_15)
FNDA:0,(anonymous_16)
DA:1,0
DA:2,0
DA:4,0
DA:5,0
DA:7,0
DA:9,0
DA:11,0
DA:13,0
DA:17,0
DA:26,0
DA:28,0
DA:32,0
DA:44,0
DA:46,0
DA:47,0
DA:49,0
DA:51,0
DA:52,0
DA:54,0
DA:56,0
DA:60,0
DA:62,0
DA:64,0
DA:68,0
DA:70,0
DA:72,0
DA:76,0
DA:78,0
DA:80,0
DA:84,0
DA:90,0
DA:93,0
DA:94,0
DA:95,0
DA:96,0
DA:97,0
DA:98,0
DA:99,0
DA:100,0
DA:101,0
DA:102,0
DA:103,0
LF:42
LH:0
BRF:0
BRH:0
end_of_record
TN:
SF:src/components/ui/alert.tsx
FN:24,(anonymous_9)
FN:30,(anonymous_10)
FN:37,(anonymous_11)
FNF:3
FNH:0
FNDA:0,(anonymous_9)
FNDA:0,(anonymous_10)
FNDA:0,(anonymous_11)
DA:1,0
DA:2,0
DA:4,0
DA:6,0
DA:21,0
DA:25,0
DA:27,0
DA:29,0
DA:31,0
DA:34,0
DA:36,0
DA:38,0
DA:41,0
DA:43,0
LF:14
LH:0
BRF:0
BRH:0
end_of_record
TN:
SF:src/components/ui/aspect-ratio.tsx
FNF:0
FNH:0
DA:1,0
DA:3,0
DA:5,0
LF:3
LH:0
BRF:0
BRH:0
end_of_record
TN:
SF:src/components/ui/avatar.tsx
FN:9,(anonymous_9)
FN:21,(anonymous_10)
FN:29,(anonymous_11)
FNF:3
FNH:0
FNDA:0,(anonymous_9)
FNDA:0,(anonymous_10)
FNDA:0,(anonymous_11)
DA:1,0
DA:2,0
DA:4,0
DA:6,0
DA:10,0
DA:16,0
DA:18,0
DA:22,0
DA:24,0
DA:26,0
DA:30,0
DA:36,0
DA:38,0
LF:13
LH:0
BRF:0
BRH:0
end_of_record
TN:
SF:src/components/ui/badge.tsx
FN:32,Badge
FNF:1
FNH:1
FNDA:218,Badge
DA:2,3
DA:3,3
DA:5,3
DA:7,3
DA:33,218
DA:38,3
LF:6
LH:6
BRF:0
BRH:0
end_of_record
TN:
SF:src/components/ui/breadcrumb.tsx
FN:12,(anonymous_9)
FN:16,(anonymous_10)
FN:30,(anonymous_11)
FN:41,(anonymous_12)
FN:49,(anonymous_13)
FN:62,(anonymous_14)
FN:69,(anonymous_15)
FNF:7
FNH:0
FNDA:0,(anonymous_9)
FNDA:0,(anonymous_10)
FNDA:0,(anonymous_11)
FNDA:0,(anonymous_12)
FNDA:0,(anonymous_13)
FNDA:0,(anonymous_14)
FNDA:0,(anonymous_15)
DA:1,0
DA:2,0
DA:3,0
DA:5,0
DA:7,0
DA:12,0
DA:13,0
DA:15,0
DA:17,0
DA:27,0
DA:29,0
DA:31,0
DA:34,0
DA:36,0
DA:42,0
DA:44,0
DA:46,0
DA:48,0
DA:50,0
DA:60,0
DA:62,0
DA:63,0
DA:67,0
DA:69,0
DA:70,0
DA:80,0
DA:83,0
DA:84,0
DA:85,0
DA:86,0
DA:87,0
DA:88,0
DA:89,0
LF:33
LH:0
BRDA:42,0,0,0
BRDA:42,0,1,0
BRDA:64,1,0,0
BRDA:64,1,1,0
BRF:4
BRH:0
end_of_record
TN:
SF:src/components/ui/button.tsx
FN:6,(anonymous_9)
FN:12,(anonymous_10)
FNF:2
FNH:1
FNDA:0,(anonymous_9)
FNDA:205,(anonymous_10)
DA:1,10
DA:2,10
DA:4,10
DA:6,10
DA:9,10
DA:13,205
DA:14,205
DA:22,10
LF:8
LH:8
BRDA:12,0,0,166
BRDA:13,1,0,39
BRDA:13,1,1,166
BRF:3
BRH:3
end_of_record
TN:
SF:src/components/ui/calendar.tsx
FN:10,Calendar
FN:45,(anonymous_10)
FN:46,(anonymous_11)
FNF:3
FNH:0
FNDA:0,Calendar
FNDA:0,(anonymous_10)
FNDA:0,(anonymous_11)
DA:1,0
DA:2,0
DA:3,0
DA:5,0
DA:6,0
DA:11,0
DA:45,0
DA:46,0
DA:52,0
DA:54,0
LF:10
LH:0
BRDA:10,0,0,0
BRF:1
BRH:0
end_of_record
TN:
SF:src/components/ui/card.tsx
FN:5,(anonymous_9)
FN:11,(anonymous_10)
FN:18,(anonymous_11)
FN:25,(anonymous_12)
FN:32,(anonymous_13)
FN:37,(anonymous_14)
FNF:6
FNH:1
FNDA:6,(anonymous_9)
FNDA:0,(anonymous_10)
FNDA:0,(anonymous_11)
FNDA:0,(anonymous_12)
FNDA:0,(anonymous_13)
FNDA:0,(anonymous_14)
DA:1,1
DA:3,1
DA:5,1
DA:6,6
DA:8,1
DA:10,1
DA:12,0
DA:15,1
DA:17,1
DA:19,0
DA:22,1
DA:24,1
DA:26,0
DA:29,1
DA:31,1
DA:32,0
DA:34,1
DA:36,1
DA:38,0
DA:41,1
DA:43,1
LF:21
LH:16
BRF:0
BRH:0
end_of_record
TN:
SF:src/components/ui/carousel.tsx
FN:31,useCarousel
FN:42,(anonymous_11)
FN:53,(anonymous_12)
FN:62,(anonymous_13)
FN:66,(anonymous_14)
FN:71,(anonymous_15)
FN:83,(anonymous_16)
FN:91,(anonymous_17)
FN:100,(anonymous_18)
FN:135,(anonymous_19)
FN:152,(anonymous_20)
FN:169,(anonymous_21)
FN:197,(anonymous_22)
FNF:13
FNH:0
FNDA:0,useCarousel
FNDA:0,(anonymous_11)
FNDA:0,(anonymous_12)
FNDA:0,(anonymous_13)
FNDA:0,(anonymous_14)
FNDA:0,(anonymous_15)
FNDA:0,(anonymous_16)
FNDA:0,(anonymous_17)
FNDA:0,(anonymous_18)
FNDA:0,(anonymous_19)
FNDA:0,(anonymous_20)
FNDA:0,(anonymous_21)
FNDA:0,(anonymous_22)
DA:1,0
DA:2,0
DA:3,0
DA:5,0
DA:6,0
DA:29,0
DA:32,0
DA:34,0
DA:35,0
DA:38,0
DA:41,0
DA:43,0
DA:50,0
DA:51,0
DA:53,0
DA:54,0
DA:55,0
DA:58,0
DA:59,0
DA:62,0
DA:63,0
DA:66,0
DA:67,0
DA:70,0
DA:72,0
DA:73,0
DA:74,0
DA:75,0
DA:76,0
DA:77,0
DA:83,0
DA:84,0
DA:85,0
DA:88,0
DA:91,0
DA:92,0
DA:93,0
DA:96,0
DA:97,0
DA:98,0
DA:100,0
DA:101,0
DA:105,0
DA:132,0
DA:134,0
DA:136,0
DA:138,0
DA:149,0
DA:151,0
DA:153,0
DA:155,0
DA:166,0
DA:168,0
DA:170,0
DA:172,0
DA:194,0
DA:196,0
DA:198,0
DA:200,0
DA:222,0
DA:224,0
LF:61
LH:0
BRDA:34,0,0,0
BRDA:34,0,1,0
BRDA:42,1,0,0
BRDA:46,2,0,0
BRDA:46,2,1,0
BRDA:54,3,0,0
BRDA:54,3,1,0
BRDA:72,4,0,0
BRDA:72,4,1,0
BRDA:75,5,0,0
BRDA:75,5,1,0
BRDA:84,6,0,0
BRDA:84,6,1,0
BRDA:84,7,0,0
BRDA:84,7,1,0
BRDA:92,8,0,0
BRDA:92,8,1,0
BRDA:111,9,0,0
BRDA:111,9,1,0
BRDA:111,10,0,0
BRDA:111,10,1,0
BRDA:142,11,0,0
BRDA:142,11,1,0
BRDA:160,12,0,0
BRDA:160,12,1,0
BRDA:169,13,0,0
BRDA:169,14,0,0
BRDA:179,15,0,0
BRDA:179,15,1,0
BRDA:197,16,0,0
BRDA:197,17,0,0
BRDA:207,18,0,0
BRDA:207,18,1,0
BRF:33
BRH:0
end_of_record
TN:
SF:src/components/ui/chart.tsx
FN:22,useChart
FN:38,(anonymous_10)
FN:61,(anonymous_11)
FN:62,(anonymous_12)
FN:73,(anonymous_13)
FN:76,(anonymous_14)
FN:103,(anonymous_15)
FN:123,(anonymous_16)
FN:163,(anonymous_17)
FN:237,(anonymous_18)
FN:249,(anonymous_19)
FN:278,getPayloadConfigFromPayload
FNF:12
FNH:0
FNDA:0,useChart
FNDA:0,(anonymous_10)
FNDA:0,(anonymous_11)
FNDA:0,(anonymous_12)
FNDA:0,(anonymous_13)
FNDA:0,(anonymous_14)
FNDA:0,(anonymous_15)
FNDA:0,(anonymous_16)
FNDA:0,(anonymous_17)
FNDA:0,(anonymous_18)
FNDA:0,(anonymous_19)
FNDA:0,getPayloadConfigFromPayload
DA:1,0
DA:2,0
DA:4,0
DA:7,0
DA:20,0
DA:23,0
DA:25,0
DA:26,0
DA:29,0
DA:32,0
DA:39,0
DA:40,0
DA:42,0
DA:59,0
DA:61,0
DA:62,0
DA:64,0
DA:65,0
DA:68,0
DA:73,0
DA:77,0
DA:78,0
DA:90,0
DA:92,0
DA:121,0
DA:123,0
DA:124,0
DA:125,0
DA:128,0
DA:129,0
DA:130,0
DA:132,0
DA:136,0
DA:137,0
DA:140,0
DA:141,0
DA:144,0
DA:147,0
DA:148,0
DA:151,0
DA:153,0
DA:164,0
DA:165,0
DA:166,0
DA:168,0
DA:226,0
DA:228,0
DA:230,0
DA:238,0
DA:240,0
DA:241,0
DA:244,0
DA:250,0
DA:251,0
DA:253,0
DA:275,0
DA:279,0
DA:280,0
DA:284,0
DA:288,0
DA:290,0
DA:291,0
DA:292,0
DA:297,0
DA:300,0
DA:303,0
LF:66
LH:0
BRDA:25,0,0,0
BRDA:25,0,1,0
BRDA:40,1,0,0
BRDA:40,1,1,0
BRDA:62,2,0,0
BRDA:62,2,1,0
BRDA:64,3,0,0
BRDA:64,3,1,0
BRDA:77,4,0,0
BRDA:77,4,1,0
BRDA:78,5,0,0
BRDA:78,5,1,0
BRDA:108,6,0,0
BRDA:109,7,0,0
BRDA:110,8,0,0
BRDA:124,9,0,0
BRDA:124,9,1,0
BRDA:124,10,0,0
BRDA:124,10,1,0
BRDA:129,11,0,0
BRDA:129,11,1,0
BRDA:129,11,2,0
BRDA:129,11,3,0
BRDA:132,12,0,0
BRDA:132,12,1,0
BRDA:132,13,0,0
BRDA:132,13,1,0
BRDA:133,14,0,0
BRDA:133,14,1,0
BRDA:136,15,0,0
BRDA:136,15,1,0
BRDA:140,16,0,0
BRDA:140,16,1,0
BRDA:147,17,0,0
BRDA:147,17,1,0
BRDA:147,18,0,0
BRDA:147,18,1,0
BRDA:151,19,0,0
BRDA:151,19,1,0
BRDA:161,20,0,0
BRDA:161,20,1,0
BRDA:164,21,0,0
BRDA:164,21,1,0
BRDA:164,21,2,0
BRDA:164,21,3,0
BRDA:166,22,0,0
BRDA:166,22,1,0
BRDA:166,22,2,0
BRDA:173,23,0,0
BRDA:173,23,1,0
BRDA:176,24,0,0
BRDA:176,24,1,0
BRDA:176,25,0,0
BRDA:176,25,1,0
BRDA:176,25,2,0
BRDA:180,26,0,0
BRDA:180,26,1,0
BRDA:183,27,0,0
BRDA:183,27,1,0
BRDA:189,28,0,0
BRDA:189,28,1,0
BRDA:203,29,0,0
BRDA:203,29,1,0
BRDA:207,30,0,0
BRDA:207,30,1,0
BRDA:208,31,0,0
BRDA:208,31,1,0
BRDA:210,32,0,0
BRDA:210,32,1,0
BRDA:237,33,0,0
BRDA:237,34,0,0
BRDA:240,35,0,0
BRDA:240,35,1,0
BRDA:247,36,0,0
BRDA:247,36,1,0
BRDA:250,37,0,0
BRDA:250,37,1,0
BRDA:250,37,2,0
BRDA:258,38,0,0
BRDA:258,38,1,0
BRDA:258,39,0,0
BRDA:258,39,1,0
BRDA:279,40,0,0
BRDA:279,40,1,0
BRDA:279,41,0,0
BRDA:279,41,1,0
BRDA:284,42,0,0
BRDA:284,42,1,0
BRDA:284,43,0,0
BRDA:284,43,1,0
BRDA:284,43,2,0
BRDA:290,44,0,0
BRDA:290,44,1,0
BRDA:290,45,0,0
BRDA:290,45,1,0
BRDA:292,46,0,0
BRDA:292,46,1,0
BRDA:293,47,0,0
BRDA:293,47,1,0
BRDA:293,47,2,0
BRDA:300,48,0,0
BRDA:300,48,1,0
BRF:102
BRH:0
end_of_record
TN:
SF:src/components/ui/checkbox.tsx
FN:10,(anonymous_9)
FNF:1
FNH:0
FNDA:0,(anonymous_9)
DA:1,0
DA:2,0
DA:3,0
DA:5,0
DA:7,0
DA:11,0
DA:24,0
DA:26,0
LF:8
LH:0
BRF:0
BRH:0
end_of_record
TN:
SF:src/components/ui/collapsible.tsx
FNF:0
FNH:0
DA:1,0
DA:3,0
DA:5,0
DA:7,0
DA:9,0
LF:5
LH:0
BRF:0
BRH:0
end_of_record
TN:
SF:src/components/ui/command.tsx
FN:12,(anonymous_9)
FN:24,(anonymous_10)
FN:39,(anonymous_11)
FN:58,(anonymous_12)
FN:71,(anonymous_13)
FN:78,(anonymous_14)
FN:94,(anonymous_15)
FN:102,(anonymous_16)
FN:115,(anonymous_17)
FNF:9
FNH:0
FNDA:0,(anonymous_9)
FNDA:0,(anonymous_10)
FNDA:0,(anonymous_11)
FNDA:0,(anonymous_12)
FNDA:0,(anonymous_13)
FNDA:0,(anonymous_14)
FNDA:0,(anonymous_15)
FNDA:0,(anonymous_16)
FNDA:0,(anonymous_17)
DA:1,0
DA:3,0
DA:4,0
DA:6,0
DA:7,0
DA:9,0
DA:13,0
DA:22,0
DA:24,0
DA:25,0
DA:36,0
DA:40,0
DA:53,0
DA:55,0
DA:59,0
DA:66,0
DA:68,0
DA:71,0
DA:73,0
DA:75,0
DA:79,0
DA:89,0
DA:91,0
DA:95,0
DA:97,0
DA:99,0
DA:103,0
DA:113,0
DA:115,0
DA:116,0
DA:118,0
DA:121,0
DA:122,0
DA:123,0
DA:124,0
DA:125,0
DA:126,0
DA:127,0
DA:128,0
DA:129,0
LF:40
LH:0
BRF:0
BRH:0
end_of_record
TN:
SF:src/components/ui/context-menu.tsx
FN:24,(anonymous_9)
FN:43,(anonymous_10)
FN:58,(anonymous_11)
FN:77,(anonymous_12)
FN:93,(anonymous_13)
FN:116,(anonymous_14)
FN:140,(anonymous_15)
FN:152,(anonymous_16)
FN:157,(anonymous_17)
FNF:9
FNH:0
FNDA:0,(anonymous_9)
FNDA:0,(anonymous_10)
FNDA:0,(anonymous_11)
FNDA:0,(anonymous_12)
FNDA:0,(anonymous_13)
FNDA:0,(anonymous_14)
FNDA:0,(anonymous_15)
FNDA:0,(anonymous_16)
FNDA:0,(anonymous_17)
DA:1,0
DA:2,0
DA:3,0
DA:5,0
DA:7,0
DA:9,0
DA:11,0
DA:13,0
DA:15,0
DA:17,0
DA:19,0
DA:25,0
DA:38,0
DA:40,0
DA:44,0
DA:53,0
DA:55,0
DA:59,0
DA:70,0
DA:72,0
DA:78,0
DA:88,0
DA:90,0
DA:94,0
DA:111,0
DA:113,0
DA:117,0
DA:133,0
DA:135,0
DA:141,0
DA:147,0
DA:149,0
DA:153,0
DA:155,0
DA:157,0
DA:158,0
DA:160,0
DA:163,0
DA:164,0
DA:165,0
DA:166,0
DA:167,0
DA:168,0
DA:169,0
DA:170,0
DA:171,0
DA:172,0
DA:173,0
DA:174,0
DA:175,0
DA:176,0
DA:177,0
LF:52
LH:0
BRDA:29,0,0,0
BRDA:29,0,1,0
BRDA:82,1,0,0
BRDA:82,1,1,0
BRDA:143,2,0,0
BRDA:143,2,1,0
BRF:6
BRH:0
end_of_record
TN:
SF:src/components/ui/dialog.tsx
FN:18,(anonymous_9)
FN:33,(anonymous_10)
FN:54,(anonymous_11)
FN:59,(anonymous_12)
FN:67,(anonymous_13)
FN:79,(anonymous_14)
FNF:6
FNH:4
FNDA:2,(anonymous_9)
FNDA:1,(anonymous_10)
FNDA:1,(anonymous_11)
FNDA:0,(anonymous_12)
FNDA:1,(anonymous_13)
FNDA:0,(anonymous_14)
DA:1,2
DA:2,2
DA:3,2
DA:5,2
DA:7,2
DA:9,2
DA:11,2
DA:13,2
DA:15,2
DA:19,2
DA:28,2
DA:30,2
DA:34,1
DA:52,2
DA:54,2
DA:55,1
DA:57,2
DA:59,2
DA:60,0
DA:62,2
DA:64,2
DA:68,1
DA:74,2
DA:76,2
DA:80,0
DA:82,2
DA:85,2
DA:86,2
DA:87,2
DA:88,2
DA:89,2
DA:90,2
DA:91,2
DA:92,2
DA:93,2
DA:94,2
LF:36
LH:34
BRF:0
BRH:0
end_of_record
TN:
SF:src/components/ui/drawer.tsx
FN:6,(anonymous_9)
FN:20,(anonymous_10)
FN:28,(anonymous_11)
FN:46,(anonymous_12)
FN:51,(anonymous_13)
FN:59,(anonymous_14)
FN:71,(anonymous_15)
FNF:7
FNH:0
FNDA:0,(anonymous_9)
FNDA:0,(anonymous_10)
FNDA:0,(anonymous_11)
FNDA:0,(anonymous_12)
FNDA:0,(anonymous_13)
FNDA:0,(anonymous_14)
FNDA:0,(anonymous_15)
DA:1,0
DA:2,0
DA:4,0
DA:6,0
DA:7,0
DA:9,0
DA:11,0
DA:13,0
DA:15,0
DA:17,0
DA:21,0
DA:23,0
DA:25,0
DA:29,0
DA:44,0
DA:46,0
DA:47,0
DA:49,0
DA:51,0
DA:52,0
DA:54,0
DA:56,0
DA:60,0
DA:66,0
DA:68,0
DA:72,0
DA:74,0
DA:77,0
DA:78,0
DA:79,0
DA:80,0
DA:81,0
DA:82,0
DA:83,0
DA:84,0
DA:85,0
DA:86,0
LF:37
LH:0
BRDA:6,0,0,0
BRF:1
BRH:0
end_of_record
TN:
SF:src/components/ui/dropdown-menu.tsx
FN:24,(anonymous_9)
FN:43,(anonymous_10)
FN:58,(anonymous_11)
FN:78,(anonymous_12)
FN:94,(anonymous_13)
FN:117,(anonymous_14)
FN:141,(anonymous_15)
FN:153,(anonymous_16)
FN:158,(anonymous_17)
FNF:9
FNH:0
FNDA:0,(anonymous_9)
FNDA:0,(anonymous_10)
FNDA:0,(anonymous_11)
FNDA:0,(anonymous_12)
FNDA:0,(anonymous_13)
FNDA:0,(anonymous_14)
FNDA:0,(anonymous_15)
FNDA:0,(anonymous_16)
FNDA:0,(anonymous_17)
DA:1,0
DA:2,0
DA:3,0
DA:5,0
DA:7,0
DA:9,0
DA:11,0
DA:13,0
DA:15,0
DA:17,0
DA:19,0
DA:25,0
DA:38,0
DA:40,0
DA:44,0
DA:53,0
DA:55,0
DA:59,0
DA:71,0
DA:73,0
DA:79,0
DA:89,0
DA:91,0
DA:95,0
DA:112,0
DA:114,0
DA:118,0
DA:134,0
DA:136,0
DA:142,0
DA:148,0
DA:150,0
DA:154,0
DA:156,0
DA:158,0
DA:159,0
DA:161,0
DA:164,0
DA:165,0
DA:166,0
DA:167,0
DA:168,0
DA:169,0
DA:170,0
DA:171,0
DA:172,0
DA:173,0
DA:174,0
DA:175,0
DA:176,0
DA:177,0
DA:178,0
LF:52
LH:0
BRDA:29,0,0,0
BRDA:29,0,1,0
BRDA:58,1,0,0
BRDA:83,2,0,0
BRDA:83,2,1,0
BRDA:144,3,0,0
BRDA:144,3,1,0
BRF:7
BRH:0
end_of_record
TN:
SF:src/components/ui/form.tsx
FN:30,(anonymous_9)
FN:43,(anonymous_10)
FN:77,(anonymous_11)
FN:91,(anonymous_12)
FN:108,(anonymous_13)
FN:131,(anonymous_14)
FN:148,(anonymous_15)
FNF:7
FNH:0
FNDA:0,(anonymous_9)
FNDA:0,(anonymous_10)
FNDA:0,(anonymous_11)
FNDA:0,(anonymous_12)
FNDA:0,(anonymous_13)
FNDA:0,(anonymous_14)
FNDA:0,(anonymous_15)
DA:1,0
DA:3,0
DA:5,0
DA:14,0
DA:15,0
DA:17,0
DA:26,0
DA:30,0
DA:36,0
DA:43,0
DA:44,0
DA:45,0
DA:46,0
DA:48,0
DA:50,0
DA:51,0
DA:54,0
DA:56,0
DA:70,0
DA:74,0
DA:78,0
DA:80,0
DA:86,0
DA:88,0
DA:92,0
DA:94,0
DA:103,0
DA:105,0
DA:110,0
DA:112,0
DA:126,0
DA:128,0
DA:132,0
DA:134,0
DA:143,0
DA:145,0
DA:149,0
DA:150,0
DA:152,0
DA:153,0
DA:156,0
DA:167,0
DA:170,0
DA:171,0
DA:172,0
DA:173,0
DA:174,0
DA:175,0
DA:176,0
LF:49
LH:0
BRDA:50,0,0,0
BRDA:50,0,1,0
BRDA:97,1,0,0
BRDA:97,1,1,0
BRDA:117,2,0,0
BRDA:117,2,1,0
BRDA:150,3,0,0
BRDA:150,3,1,0
BRDA:152,4,0,0
BRDA:152,4,1,0
BRF:10
BRH:0
end_of_record
TN:
SF:src/components/ui/hover-card.tsx
FN:13,(anonymous_9)
FNF:1
FNH:0
FNDA:0,(anonymous_9)
DA:1,0
DA:2,0
DA:4,0
DA:6,0
DA:8,0
DA:10,0
DA:14,0
DA:25,0
DA:27,0
LF:9
LH:0
BRDA:13,0,0,0
BRDA:13,1,0,0
BRF:2
BRH:0
end_of_record
TN:
SF:src/components/ui/input-otp.tsx
FN:8,(anonymous_9)
FN:20,(anonymous_10)
FN:27,(anonymous_11)
FN:53,(anonymous_12)
FNF:4
FNH:0
FNDA:0,(anonymous_9)
FNDA:0,(anonymous_10)
FNDA:0,(anonymous_11)
FNDA:0,(anonymous_12)
DA:1,0
DA:2,0
DA:3,0
DA:5,0
DA:7,0
DA:9,0
DA:17,0
DA:19,0
DA:20,0
DA:22,0
DA:24,0
DA:28,0
DA:29,0
DA:31,0
DA:50,0
DA:52,0
DA:54,0
DA:59,0
DA:61,0
LF:19
LH:0
BRDA:36,0,0,0
BRDA:36,0,1,0
BRDA:42,1,0,0
BRDA:42,1,1,0
BRF:4
BRH:0
end_of_record
TN:
SF:src/components/ui/input.tsx
FN:6,(anonymous_9)
FNF:1
FNH:1
FNDA:85,(anonymous_9)
DA:1,4
DA:3,4
DA:5,4
DA:7,85
DA:20,4
DA:22,4
LF:6
LH:6
BRF:0
BRH:0
end_of_record
TN:
SF:src/components/ui/label.tsx
FN:12,(anonymous_9)
FNF:1
FNH:1
FNDA:65,(anonymous_9)
DA:1,2
DA:2,2
DA:3,2
DA:5,2
DA:7,2
DA:9,2
DA:13,65
DA:15,2
DA:17,2
LF:9
LH:9
BRF:0
BRH:0
end_of_record
TN:
SF:src/components/ui/menubar.tsx
FN:20,(anonymous_9)
FN:32,(anonymous_10)
FN:49,(anonymous_11)
FN:68,(anonymous_12)
FN:83,(anonymous_13)
FN:105,(anonymous_14)
FN:121,(anonymous_15)
FN:144,(anonymous_16)
FN:168,(anonymous_17)
FN:180,(anonymous_18)
FN:185,(anonymous_19)
FNF:11
FNH:0
FNDA:0,(anonymous_9)
FNDA:0,(anonymous_10)
FNDA:0,(anonymous_11)
FNDA:0,(anonymous_12)
FNDA:0,(anonymous_13)
FNDA:0,(anonymous_14)
FNDA:0,(anonymous_15)
FNDA:0,(anonymous_16)
FNDA:0,(anonymous_17)
FNDA:0,(anonymous_18)
FNDA:0,(anonymous_19)
DA:1,0
DA:2,0
DA:3,0
DA:5,0
DA:7,0
DA:9,0
DA:11,0
DA:13,0
DA:15,0
DA:17,0
DA:21,0
DA:27,0
DA:29,0
DA:33,0
DA:42,0
DA:44,0
DA:50,0
DA:63,0
DA:65,0
DA:69,0
DA:78,0
DA:80,0
DA:84,0
DA:98,0
DA:100,0
DA:106,0
DA:116,0
DA:118,0
DA:122,0
DA:139,0
DA:141,0
DA:145,0
DA:161,0
DA:163,0
DA:169,0
DA:175,0
DA:177,0
DA:181,0
DA:183,0
DA:185,0
DA:186,0
DA:188,0
DA:191,0
DA:192,0
DA:193,0
DA:194,0
DA:195,0
DA:196,0
DA:197,0
DA:198,0
DA:199,0
DA:200,0
DA:201,0
DA:202,0
DA:203,0
DA:204,0
DA:205,0
DA:206,0
LF:58
LH:0
BRDA:54,0,0,0
BRDA:54,0,1,0
BRDA:83,1,0,0
BRDA:83,2,0,0
BRDA:83,3,0,0
BRDA:110,4,0,0
BRDA:110,4,1,0
BRDA:171,5,0,0
BRDA:171,5,1,0
BRF:9
BRH:0
end_of_record
TN:
SF:src/components/ui/navigation-menu.tsx
FN:12,(anonymous_9)
FN:30,(anonymous_10)
FN:51,(anonymous_11)
FN:69,(anonymous_12)
FN:86,(anonymous_13)
FN:104,(anonymous_14)
FNF:6
FNH:0
FNDA:0,(anonymous_9)
FNDA:0,(anonymous_10)
FNDA:0,(anonymous_11)
FNDA:0,(anonymous_12)
FNDA:0,(anonymous_13)
FNDA:0,(anonymous_14)
DA:1,0
DA:2,0
DA:3,0
DA:5,0
DA:7,0
DA:9,0
DA:13,0
DA:25,0
DA:27,0
DA:31,0
DA:40,0
DA:42,0
DA:44,0
DA:48,0
DA:52,0
DA:64,0
DA:66,0
DA:70,0
DA:79,0
DA:81,0
DA:83,0
DA:87,0
DA:98,0
DA:101,0
DA:105,0
DA:116,0
DA:120,0
DA:121,0
DA:122,0
DA:123,0
DA:124,0
DA:125,0
DA:126,0
DA:127,0
LF:34
LH:0
BRF:0
BRH:0
end_of_record
TN:
SF:src/components/ui/pagination.tsx
FN:7,(anonymous_9)
FN:18,(anonymous_10)
FN:24,(anonymous_11)
FN:34,(anonymous_12)
FN:49,(anonymous_13)
FN:57,(anonymous_14)
FN:65,(anonymous_15)
FNF:7
FNH:0
FNDA:0,(anonymous_9)
FNDA:0,(anonymous_10)
FNDA:0,(anonymous_11)
FNDA:0,(anonymous_12)
FNDA:0,(anonymous_13)
FNDA:0,(anonymous_14)
FNDA:0,(anonymous_15)
DA:1,0
DA:2,0
DA:4,0
DA:5,0
DA:7,0
DA:8,0
DA:15,0
DA:17,0
DA:19,0
DA:22,0
DA:24,0
DA:25,0
DA:27,0
DA:34,0
DA:35,0
DA:47,0
DA:49,0
DA:50,0
DA:55,0
DA:57,0
DA:58,0
DA:63,0
DA:65,0
DA:66,0
DA:71,0
DA:74,0
DA:75,0
DA:76,0
DA:77,0
DA:78,0
DA:79,0
DA:80,0
LF:32
LH:0
BRDA:34,0,0,0
BRDA:36,1,0,0
BRDA:36,1,1,0
BRDA:39,2,0,0
BRDA:39,2,1,0
BRF:5
BRH:0
end_of_record
TN:
SF:src/components/ui/popover.tsx
FN:13,(anonymous_9)
FNF:1
FNH:0
FNDA:0,(anonymous_9)
DA:1,0
DA:2,0
DA:4,0
DA:6,0
DA:8,0
DA:10,0
DA:14,0
DA:27,0
DA:29,0
LF:9
LH:0
BRDA:13,0,0,0
BRDA:13,1,0,0
BRF:2
BRH:0
end_of_record
TN:
SF:src/components/ui/progress.tsx
FN:9,(anonymous_9)
FNF:1
FNH:0
FNDA:0,(anonymous_9)
DA:1,0
DA:2,0
DA:4,0
DA:6,0
DA:10,0
DA:21,0
DA:23,0
LF:7
LH:0
BRDA:17,0,0,0
BRDA:17,0,1,0
BRF:2
BRH:0
end_of_record
TN:
SF:src/components/ui/radio-group.tsx
FN:10,(anonymous_9)
FN:18,(anonymous_10)
FNF:2
FNH:0
FNDA:0,(anonymous_9)
FNDA:0,(anonymous_10)
DA:1,0
DA:2,0
DA:3,0
DA:5,0
DA:7,0
DA:11,0
DA:13,0
DA:15,0
DA:19,0
DA:34,0
DA:36,0
LF:11
LH:0
BRF:0
BRH:0
end_of_record
TN:
SF:src/components/ui/resizable.tsx
FN:6,(anonymous_9)
FN:15,(anonymous_10)
FNF:2
FNH:0
FNDA:0,(anonymous_9)
FNDA:0,(anonymous_10)
DA:1,0
DA:2,0
DA:4,0
DA:6,0
DA:7,0
DA:13,0
DA:15,0
DA:22,0
DA:37,0
LF:9
LH:0
BRDA:29,0,0,0
BRDA:29,0,1,0
BRF:2
BRH:0
end_of_record
TN:
SF:src/components/ui/scroll-area.tsx
FN:9,(anonymous_9)
FN:21,(anonymous_10)
FNF:2
FNH:0
FNDA:0,(anonymous_9)
FNDA:0,(anonymous_10)
DA:1,0
DA:2,0
DA:4,0
DA:6,0
DA:10,0
DA:16,0
DA:18,0
DA:22,0
DA:36,0
DA:38,0
LF:10
LH:0
BRDA:21,0,0,0
BRDA:27,1,0,0
BRDA:27,1,1,0
BRDA:28,2,0,0
BRDA:28,2,1,0
BRF:5
BRH:0
end_of_record
TN:
SF:src/components/ui/select.tsx
FN:16,(anonymous_9)
FN:36,(anonymous_10)
FN:50,(anonymous_11)
FN:64,(anonymous_12)
FN:96,(anonymous_13)
FN:104,(anonymous_14)
FN:127,(anonymous_15)
FNF:7
FNH:0
FNDA:0,(anonymous_9)
FNDA:0,(anonymous_10)
FNDA:0,(anonymous_11)
FNDA:0,(anonymous_12)
FNDA:0,(anonymous_13)
FNDA:0,(anonymous_14)
FNDA:0,(anonymous_15)
DA:1,0
DA:2,0
DA:3,0
DA:5,0
DA:7,0
DA:9,0
DA:11,0
DA:13,0
DA:17,0
DA:31,0
DA:33,0
DA:37,0
DA:45,0
DA:47,0
DA:51,0
DA:59,0
DA:61,0
DA:65,0
DA:91,0
DA:93,0
DA:97,0
DA:99,0
DA:101,0
DA:105,0
DA:122,0
DA:124,0
DA:128,0
DA:130,0
DA:133,0
DA:134,0
DA:135,0
DA:136,0
DA:137,0
DA:138,0
DA:139,0
DA:140,0
DA:141,0
DA:142,0
LF:38
LH:0
BRDA:64,0,0,0
BRDA:70,1,0,0
BRDA:70,1,1,0
BRDA:81,2,0,0
BRDA:81,2,1,0
BRF:5
BRH:0
end_of_record
TN:
SF:src/components/ui/separator.tsx
FN:9,(anonymous_9)
FNF:1
FNH:1
FNDA:18,(anonymous_9)
DA:1,1
DA:2,1
DA:4,1
DA:6,1
DA:10,18
DA:18,1
DA:20,1
LF:7
LH:7
BRDA:9,0,0,18
BRDA:9,1,0,18
BRDA:14,2,0,18
BRDA:14,2,1,0
BRF:4
BRH:3
end_of_record
TN:
SF:src/components/ui/sheet.tsx
FN:19,(anonymous_9)
FN:55,(anonymous_10)
FN:70,(anonymous_11)
FN:75,(anonymous_12)
FN:83,(anonymous_13)
FN:91,(anonymous_14)
FNF:6
FNH:1
FNDA:0,(anonymous_9)
FNDA:33,(anonymous_10)
FNDA:0,(anonymous_11)
FNDA:0,(anonymous_12)
FNDA:0,(anonymous_13)
FNDA:0,(anonymous_14)
DA:1,2
DA:2,2
DA:3,2
DA:4,2
DA:6,2
DA:8,2
DA:10,2
DA:12,2
DA:14,2
DA:16,2
DA:20,0
DA:29,2
DA:31,2
DA:54,2
DA:56,33
DA:68,2
DA:70,2
DA:71,0
DA:73,2
DA:75,2
DA:76,0
DA:78,2
DA:80,2
DA:84,0
DA:86,2
DA:88,2
DA:92,0
DA:94,2
DA:97,2
DA:98,2
DA:99,2
DA:100,2
DA:101,2
DA:102,2
DA:103,2
DA:104,2
DA:105,2
DA:106,2
LF:38
LH:33
BRDA:55,0,0,0
BRF:1
BRH:0
end_of_record
TN:
SF:src/components/ui/sidebar.tsx
FN:40,useSidebar
FN:57,(anonymous_10)
FN:77,(anonymous_11)
FN:92,(anonymous_12)
FN:94,(anonymous_13)
FN:95,(anonymous_14)
FN:99,(anonymous_15)
FN:100,(anonymous_16)
FN:111,(anonymous_17)
FN:119,(anonymous_18)
FN:174,(anonymous_19)
FN:272,(anonymous_20)
FN:282,(anonymous_21)
FN:298,(anonymous_22)
FN:327,(anonymous_23)
FN:345,(anonymous_24)
FN:363,(anonymous_25)
FN:378,(anonymous_26)
FN:393,(anonymous_27)
FN:408,(anonymous_28)
FN:426,(anonymous_29)
FN:441,(anonymous_30)
FN:462,(anonymous_31)
FN:485,(anonymous_32)
FN:498,(anonymous_33)
FN:511,(anonymous_34)
FN:551,(anonymous_35)
FN:608,(anonymous_36)
FN:636,(anonymous_37)
FN:659,(anonymous_38)
FN:661,(anonymous_39)
FN:695,(anonymous_40)
FN:712,(anonymous_41)
FN:722,(anonymous_42)
FNF:34
FNH:0
FNDA:0,useSidebar
FNDA:0,(anonymous_10)
FNDA:0,(anonymous_11)
FNDA:0,(anonymous_12)
FNDA:0,(anonymous_13)
FNDA:0,(anonymous_14)
FNDA:0,(anonymous_15)
FNDA:0,(anonymous_16)
FNDA:0,(anonymous_17)
FNDA:0,(anonymous_18)
FNDA:0,(anonymous_19)
FNDA:0,(anonymous_20)
FNDA:0,(anonymous_21)
FNDA:0,(anonymous_22)
FNDA:0,(anonymous_23)
FNDA:0,(anonymous_24)
FNDA:0,(anonymous_25)
FNDA:0,(anonymous_26)
FNDA:0,(anonymous_27)
FNDA:0,(anonymous_28)
FNDA:0,(anonymous_29)
FNDA:0,(anonymous_30)
FNDA:0,(anonymous_31)
FNDA:0,(anonymous_32)
FNDA:0,(anonymous_33)
FNDA:0,(anonymous_34)
FNDA:0,(anonymous_35)
FNDA:0,(anonymous_36)
FNDA:0,(anonymous_37)
FNDA:0,(anonymous_38)
FNDA:0,(anonymous_39)
FNDA:0,(anonymous_40)
FNDA:0,(anonymous_41)
FNDA:0,(anonymous_42)
DA:1,0
DA:2,0
DA:3,0
DA:5,0
DA:7,0
DA:8,0
DA:9,0
DA:10,0
DA:11,0
DA:12,0
DA:13,0
DA:14,0
DA:21,0
DA:22,0
DA:23,0
DA:24,0
DA:25,0
DA:26,0
DA:38,0
DA:41,0
DA:42,0
DA:43,0
DA:46,0
DA:49,0
DA:69,0
DA:70,0
DA:74,0
DA:75,0
DA:76,0
DA:78,0
DA:79,0
DA:80,0
DA:82,0
DA:86,0
DA:92,0
DA:93,0
DA:94,0
DA:95,0
DA:99,0
DA:100,0
DA:101,0
DA:105,0
DA:106,0
DA:110,0
DA:111,0
DA:116,0
DA:118,0
DA:119,0
DA:139,0
DA:164,0
DA:166,0
DA:185,0
DA:187,0
DA:188,0
DA:202,0
DA:203,0
DA:222,0
DA:267,0
DA:269,0
DA:273,0
DA:275,0
DA:283,0
DA:284,0
DA:293,0
DA:295,0
DA:299,0
DA:301,0
DA:322,0
DA:324,0
DA:328,0
DA:340,0
DA:342,0
DA:346,0
DA:358,0
DA:360,0
DA:364,0
DA:373,0
DA:375,0
DA:379,0
DA:388,0
DA:390,0
DA:394,0
DA:403,0
DA:405,0
DA:409,0
DA:421,0
DA:423,0
DA:427,0
DA:436,0
DA:438,0
DA:442,0
DA:444,0
DA:457,0
DA:459,0
DA:463,0
DA:465,0
DA:480,0
DA:482,0
DA:486,0
DA:493,0
DA:495,0
DA:499,0
DA:506,0
DA:508,0
DA:512,0
DA:519,0
DA:521,0
DA:543,0
DA:563,0
DA:564,0
DA:567,0
DA:577,0
DA:578,0
DA:581,0
DA:582,0
DA:587,0
DA:600,0
DA:602,0
DA:609,0
DA:611,0
DA:631,0
DA:633,0
DA:637,0
DA:652,0
DA:654,0
DA:661,0
DA:662,0
DA:665,0
DA:690,0
DA:692,0
DA:696,0
DA:707,0
DA:709,0
DA:712,0
DA:713,0
DA:715,0
DA:723,0
DA:725,0
DA:743,0
DA:746,0
DA:747,0
DA:748,0
DA:749,0
DA:750,0
DA:751,0
DA:752,0
DA:753,0
DA:754,0
DA:755,0
DA:756,0
DA:757,0
DA:758,0
DA:759,0
DA:760,0
DA:761,0
DA:762,0
DA:763,0
DA:764,0
DA:765,0
DA:766,0
DA:767,0
DA:768,0
DA:769,0
LF:163
LH:0
BRDA:42,0,0,0
BRDA:42,0,1,0
BRDA:59,1,0,0
BRDA:75,2,0,0
BRDA:75,2,1,0
BRDA:78,3,0,0
BRDA:78,3,1,0
BRDA:79,4,0,0
BRDA:79,4,1,0
BRDA:93,5,0,0
BRDA:93,5,1,0
BRDA:101,6,0,0
BRDA:101,6,1,0
BRDA:102,7,0,0
BRDA:102,7,1,0
BRDA:102,7,2,0
BRDA:116,8,0,0
BRDA:116,8,1,0
BRDA:176,9,0,0
BRDA:177,10,0,0
BRDA:178,11,0,0
BRDA:187,12,0,0
BRDA:187,12,1,0
BRDA:202,13,0,0
BRDA:202,13,1,0
BRDA:227,14,0,0
BRDA:227,14,1,0
BRDA:237,15,0,0
BRDA:237,15,1,0
BRDA:237,16,0,0
BRDA:237,16,1,0
BRDA:245,17,0,0
BRDA:245,17,1,0
BRDA:249,18,0,0
BRDA:249,18,1,0
BRDA:249,19,0,0
BRDA:249,19,1,0
BRDA:441,20,0,0
BRDA:442,21,0,0
BRDA:442,21,1,0
BRDA:462,22,0,0
BRDA:463,23,0,0
BRDA:463,23,1,0
BRDA:553,24,0,0
BRDA:554,25,0,0
BRDA:555,26,0,0
BRDA:556,27,0,0
BRDA:563,28,0,0
BRDA:563,28,1,0
BRDA:577,29,0,0
BRDA:577,29,1,0
BRDA:581,30,0,0
BRDA:581,30,1,0
BRDA:593,31,0,0
BRDA:593,31,1,0
BRDA:608,32,0,0
BRDA:608,33,0,0
BRDA:609,34,0,0
BRDA:609,34,1,0
BRDA:623,35,0,0
BRDA:623,35,1,0
BRDA:659,36,0,0
BRDA:672,37,0,0
BRDA:672,37,1,0
BRDA:722,38,0,0
BRDA:722,39,0,0
BRDA:723,40,0,0
BRDA:723,40,1,0
BRDA:734,41,0,0
BRDA:734,41,1,0
BRDA:735,42,0,0
BRDA:735,42,1,0
BRF:72
BRH:0
end_of_record
TN:
SF:src/components/ui/skeleton.tsx
FN:3,Skeleton
FNF:1
FNH:0
FNDA:0,Skeleton
DA:1,0
DA:4,0
DA:7,0
LF:3
LH:0
BRF:0
BRH:0
end_of_record
TN:
SF:src/components/ui/slider.tsx
FN:9,(anonymous_9)
FNF:1
FNH:0
FNDA:0,(anonymous_9)
DA:1,0
DA:2,0
DA:4,0
DA:6,0
DA:10,0
DA:21,0
DA:23,0
LF:7
LH:0
BRF:0
BRH:0
end_of_record
TN:
SF:src/components/ui/sonner.tsx
FN:30,(anonymous_0)
FN:7,(anonymous_1)
FNF:2
FNH:0
FNDA:0,(anonymous_0)
FNDA:0,(anonymous_1)
DA:3,0
DA:5,0
DA:7,0
DA:8,0
DA:10,0
DA:30,0
LF:6
LH:0
BRDA:8,0,0,0
BRF:1
BRH:0
end_of_record
TN:
SF:src/components/ui/switch.tsx
FN:9,(anonymous_9)
FNF:1
FNH:0
FNDA:0,(anonymous_9)
DA:1,0
DA:2,0
DA:4,0
DA:6,0
DA:10,0
DA:25,0
DA:27,0
LF:7
LH:0
BRF:0
BRH:0
end_of_record
TN:
SF:src/components/ui/table.tsx
FN:6,(anonymous_9)
FN:15,(anonymous_10)
FN:20,(anonymous_11)
FN:27,(anonymous_12)
FN:34,(anonymous_13)
FN:45,(anonymous_14)
FN:59,(anonymous_15)
FN:66,(anonymous_16)
FNF:8
FNH:0
FNDA:0,(anonymous_9)
FNDA:0,(anonymous_10)
FNDA:0,(anonymous_11)
FNDA:0,(anonymous_12)
FNDA:0,(anonymous_13)
FNDA:0,(anonymous_14)
FNDA:0,(anonymous_15)
FNDA:0,(anonymous_16)
DA:1,0
DA:3,0
DA:5,0
DA:7,0
DA:12,0
DA:14,0
DA:15,0
DA:17,0
DA:19,0
DA:21,0
DA:24,0
DA:26,0
DA:28,0
DA:31,0
DA:33,0
DA:35,0
DA:42,0
DA:44,0
DA:46,0
DA:56,0
DA:58,0
DA:60,0
DA:63,0
DA:65,0
DA:67,0
DA:70,0
DA:72,0
LF:27
LH:0
BRF:0
BRH:0
end_of_record
TN:
SF:src/components/ui/tabs.tsx
FN:11,(anonymous_9)
FN:26,(anonymous_10)
FN:41,(anonymous_11)
FNF:3
FNH:0
FNDA:0,(anonymous_9)
FNDA:0,(anonymous_10)
FNDA:0,(anonymous_11)
DA:1,0
DA:2,0
DA:4,0
DA:6,0
DA:8,0
DA:12,0
DA:21,0
DA:23,0
DA:27,0
DA:36,0
DA:38,0
DA:42,0
DA:51,0
DA:53,0
LF:14
LH:0
BRF:0
BRH:0
end_of_record
TN:
SF:src/components/ui/textarea.tsx
FN:7,(anonymous_9)
FNF:1
FNH:1
FNDA:33,(anonymous_9)
DA:1,3
DA:3,3
DA:7,3
DA:8,33
DA:19,3
DA:21,3
LF:6
LH:6
BRF:0
BRH:0
end_of_record
TN:
SF:src/components/ui/toast.tsx
FN:13,(anonymous_9)
FN:43,(anonymous_10)
FN:51,(anonymous_11)
FN:66,(anonymous_12)
FN:84,(anonymous_13)
FN:92,(anonymous_14)
FNF:6
FNH:0
FNDA:0,(anonymous_9)
FNDA:0,(anonymous_10)
FNDA:0,(anonymous_11)
FNDA:0,(anonymous_12)
FNDA:0,(anonymous_13)
FNDA:0,(anonymous_14)
DA:1,0
DA:2,0
DA:3,0
DA:4,0
DA:6,0
DA:8,0
DA:10,0
DA:14,0
DA:23,0
DA:25,0
DA:40,0
DA:44,0
DA:46,0
DA:48,0
DA:52,0
DA:61,0
DA:63,0
DA:67,0
DA:79,0
DA:81,0
DA:85,0
DA:87,0
DA:89,0
DA:93,0
DA:95,0
DA:104,0
DA:105,0
DA:106,0
DA:107,0
DA:108,0
DA:109,0
DA:110,0
LF:32
LH:0
BRF:0
BRH:0
end_of_record
TN:
SF:src/components/ui/toaster.tsx
FN:4,Toaster
FN:9,(anonymous_1)
FNF:2
FNH:0
FNDA:0,Toaster
FNDA:0,(anonymous_1)
DA:1,0
DA:2,0
DA:4,0
DA:5,0
DA:7,0
DA:10,0
LF:6
LH:0
BRDA:13,0,0,0
BRDA:13,0,1,0
BRDA:14,1,0,0
BRDA:14,1,1,0
BRF:4
BRH:0
end_of_record
TN:
SF:src/components/ui/toggle-group.tsx
FN:16,(anonymous_9)
FN:27,(anonymous_10)
FNF:2
FNH:0
FNDA:0,(anonymous_9)
FNDA:0,(anonymous_10)
DA:1,2
DA:2,2
DA:5,2
DA:6,2
DA:8,2
DA:13,2
DA:17,0
DA:22,2
DA:24,2
DA:28,0
DA:30,0
DA:47,2
DA:49,2
LF:13
LH:10
BRDA:35,0,0,0
BRDA:35,0,1,0
BRDA:36,1,0,0
BRDA:36,1,1,0
BRF:4
BRH:0
end_of_record
TN:
SF:src/components/ui/toggle.tsx
FN:34,(anonymous_9)
FNF:1
FNH:0
FNDA:0,(anonymous_9)
DA:1,2
DA:2,2
DA:3,2
DA:6,2
DA:8,2
DA:30,2
DA:35,0
DA:42,2
DA:44,2
LF:9
LH:8
BRF:0
BRH:0
end_of_record
TN:
SF:src/components/ui/tooltip.tsx
FN:15,(anonymous_9)
FNF:1
FNH:0
FNDA:0,(anonymous_9)
DA:1,0
DA:2,0
DA:4,0
DA:6,0
DA:8,0
DA:10,0
DA:12,0
DA:16,0
DA:26,0
DA:28,0
LF:10
LH:0
BRDA:15,0,0,0
BRF:1
BRH:0
end_of_record
TN:
SF:src/components/ui/use-toast.ts
FN:3,(anonymous_0)
FN:3,(anonymous_1)
FNF:2
FNH:0
FNDA:0,(anonymous_0)
FNDA:0,(anonymous_1)
DA:1,0
DA:3,0
LF:2
LH:0
BRF:0
BRH:0
end_of_record
TN:
SF:src/hooks/use-mobile.tsx
FN:5,useIsMobile
FN:8,(anonymous_10)
FN:10,(anonymous_11)
FN:15,(anonymous_12)
FNF:4
FNH:0
FNDA:0,useIsMobile
FNDA:0,(anonymous_10)
FNDA:0,(anonymous_11)
FNDA:0,(anonymous_12)
DA:1,0
DA:3,0
DA:5,0
DA:6,0
DA:8,0
DA:9,0
DA:10,0
DA:11,0
DA:13,0
DA:14,0
DA:15,0
DA:18,0
LF:12
LH:0
BRF:0
BRH:0
end_of_record
TN:
SF:src/hooks/use-toast.ts
FN:17,genId
FN:55,(anonymous_10)
FN:60,(anonymous_11)
FN:71,(anonymous_12)
FN:82,(anonymous_13)
FN:95,(anonymous_14)
FN:102,(anonymous_15)
FN:121,(anonymous_16)
FN:130,dispatch
FN:132,(anonymous_18)
FN:139,toast
FN:142,(anonymous_20)
FN:147,(anonymous_21)
FN:155,(anonymous_22)
FN:168,useToast
FN:171,(anonymous_24)
FN:173,(anonymous_25)
FN:184,(anonymous_26)
FNF:18
FNH:3
FNDA:0,genId
FNDA:0,(anonymous_10)
FNDA:0,(anonymous_11)
FNDA:0,(anonymous_12)
FNDA:0,(anonymous_13)
FNDA:0,(anonymous_14)
FNDA:0,(anonymous_15)
FNDA:0,(anonymous_16)
FNDA:0,dispatch
FNDA:0,(anonymous_18)
FNDA:0,toast
FNDA:0,(anonymous_20)
FNDA:0,(anonymous_21)
FNDA:0,(anonymous_22)
FNDA:19,useToast
FNDA:12,(anonymous_24)
FNDA:12,(anonymous_25)
FNDA:0,(anonymous_26)
DA:1,1
DA:5,1
DA:6,1
DA:15,1
DA:18,0
DA:19,0
DA:22,1
DA:53,1
DA:55,1
DA:56,0
DA:57,0
DA:60,0
DA:61,0
DA:62,0
DA:68,0
DA:71,1
DA:72,0
DA:74,0
DA:80,0
DA:83,0
DA:88,0
DA:92,0
DA:93,0
DA:95,0
DA:96,0
DA:100,0
DA:103,0
DA:113,0
DA:114,0
DA:119,0
DA:121,0
DA:126,1
DA:128,1
DA:131,0
DA:132,0
DA:133,0
DA:140,0
DA:142,0
DA:143,0
DA:147,0
DA:149,0
DA:156,0
DA:161,0
DA:169,19
DA:171,19
DA:172,12
DA:173,12
DA:174,12
DA:175,12
DA:176,12
DA:181,19
DA:184,0
DA:188,1
LF:53
LH:19
BRDA:56,0,0,0
BRDA:56,0,1,0
BRDA:72,1,0,0
BRDA:72,1,1,0
BRDA:72,1,2,0
BRDA:72,1,3,0
BRDA:83,2,0,0
BRDA:83,2,1,0
BRDA:92,3,0,0
BRDA:92,3,1,0
BRDA:103,4,0,0
BRDA:103,4,1,0
BRDA:103,5,0,0
BRDA:103,5,1,0
BRDA:113,6,0,0
BRDA:113,6,1,0
BRDA:156,7,0,0
BRDA:156,7,1,0
BRDA:175,8,0,12
BRDA:175,8,1,0
BRF:20
BRH:1
end_of_record
TN:
SF:src/lib/reviews.ts
FN:30,(anonymous_0)
FN:32,(anonymous_1)
FN:36,(anonymous_2)
FN:41,(anonymous_3)
FN:49,(anonymous_4)
FN:66,(anonymous_5)
FN:68,(anonymous_6)
FNF:7
FNH:0
FNDA:0,(anonymous_0)
FNDA:0,(anonymous_1)
FNDA:0,(anonymous_2)
FNDA:0,(anonymous_3)
FNDA:0,(anonymous_4)
FNDA:0,(anonymous_5)
FNDA:0,(anonymous_6)
DA:4,0
DA:26,0
DA:28,0
DA:32,0
DA:37,0
DA:38,0
DA:39,0
DA:41,0
DA:42,0
DA:50,0
DA:61,0
DA:62,0
DA:67,0
DA:68,0
LF:14
LH:0
BRDA:38,0,0,0
BRDA:38,0,1,0
BRF:2
BRH:0
end_of_record
TN:
SF:src/lib/utils.ts
FN:5,cn
FNF:1
FNH:1
FNDA:689,cn
DA:1,12
DA:2,12
DA:3,12
DA:5,12
DA:6,689
DA:9,12
LF:6
LH:6
BRF:0
BRH:0
end_of_record
TN:
SF:src/pages/Index.tsx
FN:8,(anonymous_1)
FNF:1
FNH:1
FNDA:6,(anonymous_1)
DA:1,1
DA:2,1
DA:3,1
DA:4,1
DA:5,1
DA:6,1
DA:8,1
DA:9,6
DA:21,1
LF:9
LH:9
BRF:0
BRH:0
end_of_record
TN:
SF:src/pages/NotFound.tsx
FN:4,(anonymous_0)
FN:7,(anonymous_1)
FNF:2
FNH:2
FNDA:6,(anonymous_0)
FNDA:6,(anonymous_1)
DA:1,1
DA:2,1
DA:4,1
DA:5,6
DA:7,6
DA:8,6
DA:11,6
DA:24,1
LF:8
LH:8
BRF:0
BRH:0
end_of_record
TN:
SF:src/pages/TemplateDetail.tsx
FN:13,TemplateDetail
FN:17,(anonymous_2)
FN:71,(anonymous_3)
FN:89,(anonymous_4)
FN:97,(anonymous_5)
FN:107,(anonymous_6)
FNF:6
FNH:5
FNDA:10,TemplateDetail
FNDA:12,(anonymous_2)
FNDA:27,(anonymous_3)
FNDA:36,(anonymous_4)
FNDA:1,(anonymous_5)
FNDA:0,(anonymous_6)
DA:1,1
DA:2,1
DA:3,1
DA:4,1
DA:5,1
DA:6,1
DA:7,1
DA:8,1
DA:11,1
DA:13,1
DA:14,10
DA:15,10
DA:17,12
DA:19,10
DA:20,1
DA:35,9
DA:41,9
DA:72,27
DA:90,36
DA:97,1
DA:107,0
LF:21
LH:20
BRDA:19,0,0,1
BRDA:19,0,1,9
BRDA:104,1,0,9
BRDA:104,1,1,1
BRF:4
BRH:4
end_of_record
TN:
SF:src/providers/theme-provider.tsx
FN:7,ThemeProvider
FNF:1
FNH:0
FNDA:0,ThemeProvider
DA:3,0
DA:4,0
DA:7,0
DA:8,0
LF:4
LH:0
BRF:0
BRH:0
end_of_record
